TN:
SF:/usr/include/c++/13/array
FN:126,127,_ZNSt5arrayIhLm9EE5beginEv
FN:136,137,_ZNSt5arrayIhLm9EE3endEv
FN:200,204,_ZNSt5arrayIhLm9EEixEm
FNDA:36,_ZNSt5arrayIhLm9EE5beginEv
FNDA:36,_ZNSt5arrayIhLm9EE3endEv
FNDA:164,_ZNSt5arrayIhLm9EEixEm
FNF:3
FNH:3
DA:126,36
DA:127,36
DA:136,36
DA:137,36
DA:200,164
DA:203,164
DA:277,72
LF:7
LH:7
end_of_record
TN:
SF:/usr/include/c++/13/bits/alloc_traits.h
FNF:0
FNH:0
DA:482,81
DA:517,81
DA:538,53
DA:542,53
DA:562,19
DA:574,97
DA:588,76
DA:661,4
DA:675,4
DA:792,42
DA:948,110
DA:949,110
LF:12
LH:12
end_of_record
TN:
SF:/usr/include/c++/13/bits/allocated_ptr.h
FN:53,55,_ZNSt15__allocated_ptrISaISt23_Sp_counted_ptr_inplaceIN7testing10OnceActionIFbiEE23IgnoreIncomingArgumentsINS1_8internal12ReturnActionIbE4ImplIbEEEESaIvELN9__gnu_cxx12_Lock_policyE2EEEEC2ERSG_PSF_
FN:53,55,_ZNSt15__allocated_ptrISaISt23_Sp_counted_ptr_inplaceIN7testing10OnceActionIFbiEEESaIvELN9__gnu_cxx12_Lock_policyE2EEEEC2ERS9_PS8_
FN:71,75,_ZNSt15__allocated_ptrISaISt23_Sp_counted_ptr_inplaceIN7testing10OnceActionIFbiEE23IgnoreIncomingArgumentsINS1_8internal12ReturnActionIbE4ImplIbEEEESaIvELN9__gnu_cxx12_Lock_policyE2EEEED2Ev
FN:71,75,_ZNSt15__allocated_ptrISaISt23_Sp_counted_ptr_inplaceIN7testing10OnceActionIFbiEEESaIvELN9__gnu_cxx12_Lock_policyE2EEEED2Ev
FN:79,83,_ZNSt15__allocated_ptrISaISt23_Sp_counted_ptr_inplaceIN7testing10OnceActionIFbiEE23IgnoreIncomingArgumentsINS1_8internal12ReturnActionIbE4ImplIbEEEESaIvELN9__gnu_cxx12_Lock_policyE2EEEEaSEDn
FN:79,83,_ZNSt15__allocated_ptrISaISt23_Sp_counted_ptr_inplaceIN7testing10OnceActionIFbiEEESaIvELN9__gnu_cxx12_Lock_policyE2EEEEaSEDn
FN:86,86,_ZNSt15__allocated_ptrISaISt23_Sp_counted_ptr_inplaceIN7testing10OnceActionIFbiEE23IgnoreIncomingArgumentsINS1_8internal12ReturnActionIbE4ImplIbEEEESaIvELN9__gnu_cxx12_Lock_policyE2EEEE3getEv
FN:86,86,_ZNSt15__allocated_ptrISaISt23_Sp_counted_ptr_inplaceIN7testing10OnceActionIFbiEEESaIvELN9__gnu_cxx12_Lock_policyE2EEEE3getEv
FN:96,99,_ZSt18__allocate_guardedISaISt23_Sp_counted_ptr_inplaceIN7testing10OnceActionIFbiEE23IgnoreIncomingArgumentsINS1_8internal12ReturnActionIbE4ImplIbEEEESaIvELN9__gnu_cxx12_Lock_policyE2EEEESt15__allocated_ptrIT_ERSI_
FN:96,99,_ZSt18__allocate_guardedISaISt23_Sp_counted_ptr_inplaceIN7testing10OnceActionIFbiEEESaIvELN9__gnu_cxx12_Lock_policyE2EEEESt15__allocated_ptrIT_ERSB_
FNDA:4,_ZNSt15__allocated_ptrISaISt23_Sp_counted_ptr_inplaceIN7testing10OnceActionIFbiEE23IgnoreIncomingArgumentsINS1_8internal12ReturnActionIbE4ImplIbEEEESaIvELN9__gnu_cxx12_Lock_policyE2EEEEC2ERSG_PSF_
FNDA:4,_ZNSt15__allocated_ptrISaISt23_Sp_counted_ptr_inplaceIN7testing10OnceActionIFbiEEESaIvELN9__gnu_cxx12_Lock_policyE2EEEEC2ERS9_PS8_
FNDA:4,_ZNSt15__allocated_ptrISaISt23_Sp_counted_ptr_inplaceIN7testing10OnceActionIFbiEE23IgnoreIncomingArgumentsINS1_8internal12ReturnActionIbE4ImplIbEEEESaIvELN9__gnu_cxx12_Lock_policyE2EEEED2Ev
FNDA:4,_ZNSt15__allocated_ptrISaISt23_Sp_counted_ptr_inplaceIN7testing10OnceActionIFbiEEESaIvELN9__gnu_cxx12_Lock_policyE2EEEED2Ev
FNDA:2,_ZNSt15__allocated_ptrISaISt23_Sp_counted_ptr_inplaceIN7testing10OnceActionIFbiEE23IgnoreIncomingArgumentsINS1_8internal12ReturnActionIbE4ImplIbEEEESaIvELN9__gnu_cxx12_Lock_policyE2EEEEaSEDn
FNDA:2,_ZNSt15__allocated_ptrISaISt23_Sp_counted_ptr_inplaceIN7testing10OnceActionIFbiEEESaIvELN9__gnu_cxx12_Lock_policyE2EEEEaSEDn
FNDA:2,_ZNSt15__allocated_ptrISaISt23_Sp_counted_ptr_inplaceIN7testing10OnceActionIFbiEE23IgnoreIncomingArgumentsINS1_8internal12ReturnActionIbE4ImplIbEEEESaIvELN9__gnu_cxx12_Lock_policyE2EEEE3getEv
FNDA:2,_ZNSt15__allocated_ptrISaISt23_Sp_counted_ptr_inplaceIN7testing10OnceActionIFbiEEESaIvELN9__gnu_cxx12_Lock_policyE2EEEE3getEv
FNDA:2,_ZSt18__allocate_guardedISaISt23_Sp_counted_ptr_inplaceIN7testing10OnceActionIFbiEE23IgnoreIncomingArgumentsINS1_8internal12ReturnActionIbE4ImplIbEEEESaIvELN9__gnu_cxx12_Lock_policyE2EEEESt15__allocated_ptrIT_ERSI_
FNDA:2,_ZSt18__allocate_guardedISaISt23_Sp_counted_ptr_inplaceIN7testing10OnceActionIFbiEEESaIvELN9__gnu_cxx12_Lock_policyE2EEEESt15__allocated_ptrIT_ERSB_
FNF:10
FNH:10
DA:53,8
DA:54,8
DA:55,8
DA:71,8
DA:73,8
DA:74,4
DA:75,8
DA:79,4
DA:81,4
DA:82,4
DA:86,4
DA:96,4
DA:98,4
LF:13
LH:13
end_of_record
TN:
SF:/usr/include/c++/13/bits/allocator.h
FNF:0
FNH:0
DA:163,231
DA:168,92
DA:178,10
DA:184,291
DA:217,0
LF:5
LH:4
end_of_record
TN:
SF:/usr/include/c++/13/bits/atomic_base.h
FNF:0
FNH:0
DA:635,0
DA:645,0
LF:2
LH:0
end_of_record
TN:
SF:/usr/include/c++/13/bits/basic_string.h
FN:3528,3541,_ZSt12__str_concatINSt7__cxx1112basic_stringIcSt11char_traitsIcESaIcEEEET_PKNS6_10value_typeENS6_9size_typeES9_SA_RKNS6_14allocator_typeE
FN:3607,3615,_ZStplIcSt11char_traitsIcESaIcEENSt7__cxx1112basic_stringIT_T0_T1_EERKS8_PKS5_
FN:3651,3669,_ZStplIcSt11char_traitsIcESaIcEENSt7__cxx1112basic_stringIT_T0_T1_EEOS8_S9_
FN:3674,3676,_ZStplIcSt11char_traitsIcESaIcEENSt7__cxx1112basic_stringIT_T0_T1_EEPKS5_OS8_
FN:3688,3690,_ZStplIcSt11char_traitsIcESaIcEENSt7__cxx1112basic_stringIT_T0_T1_EEOS8_PKS5_
FN:3710,3716,_ZSteqIcSt11char_traitsIcESaIcEEbRKNSt7__cxx1112basic_stringIT_T0_T1_EESA_
FN:3727,3732,_ZSteqIcSt11char_traitsIcESaIcEEbRKNSt7__cxx1112basic_stringIT_T0_T1_EEPKS5_
FN:3829,3832,_ZStltIcSt11char_traitsIcESaIcEEbRKNSt7__cxx1112basic_stringIT_T0_T1_EESA_
FN:4204,4212,_ZNSt7__cxx119to_stringEm
FN:4407,4408,_ZNKSt15__str_hash_baseIcSaIcENSt7__cxx1112basic_stringIcSt11char_traitsIcES0_EEEclERKS5_
FN:641,650,_ZNSt7__cxx1112basic_stringIcSt11char_traitsIcESaIcEEC2IS3_EEPKcRKS3_
FN:664,666,_ZNSt7__cxx1112basic_stringIcSt11char_traitsIcESaIcEEC2IS3_EEmcRKS3_
FNDA:70,_ZSt12__str_concatINSt7__cxx1112basic_stringIcSt11char_traitsIcESaIcEEEET_PKNS6_10value_typeENS6_9size_typeES9_SA_RKNS6_14allocator_typeE
FNDA:70,_ZStplIcSt11char_traitsIcESaIcEENSt7__cxx1112basic_stringIT_T0_T1_EERKS8_PKS5_
FNDA:20,_ZStplIcSt11char_traitsIcESaIcEENSt7__cxx1112basic_stringIT_T0_T1_EEOS8_S9_
FNDA:18,_ZStplIcSt11char_traitsIcESaIcEENSt7__cxx1112basic_stringIT_T0_T1_EEPKS5_OS8_
FNDA:138,_ZStplIcSt11char_traitsIcESaIcEENSt7__cxx1112basic_stringIT_T0_T1_EEOS8_PKS5_
FNDA:42,_ZSteqIcSt11char_traitsIcESaIcEEbRKNSt7__cxx1112basic_stringIT_T0_T1_EESA_
FNDA:4,_ZSteqIcSt11char_traitsIcESaIcEEbRKNSt7__cxx1112basic_stringIT_T0_T1_EEPKS5_
FNDA:72,_ZStltIcSt11char_traitsIcESaIcEEbRKNSt7__cxx1112basic_stringIT_T0_T1_EESA_
FNDA:15,_ZNSt7__cxx119to_stringEm
FNDA:8,_ZNKSt15__str_hash_baseIcSaIcENSt7__cxx1112basic_stringIcSt11char_traitsIcES0_EEEclERKS5_
FNDA:345,_ZNSt7__cxx1112basic_stringIcSt11char_traitsIcESaIcEEC2IS3_EEPKcRKS3_
FNDA:15,_ZNSt7__cxx1112basic_stringIcSt11char_traitsIcESaIcEEC2IS3_EEmcRKS3_
FNF:12
FNH:12
DA:355,110
DA:641,345
DA:642,345
DA:645,345
DA:646,0
DA:648,345
DA:649,345
DA:650,345
DA:664,15
DA:665,15
DA:666,15
DA:3528,70
DA:3536,70
DA:3537,70
DA:3538,70
DA:3539,70
DA:3540,70
DA:3541,0
DA:3607,70
DA:3614,140
DA:3651,20
DA:3656,20
DA:3658,20
DA:3661,20
DA:3664,20
DA:3665,20
DA:3666,0
DA:3668,20
DA:3674,18
DA:3676,18
DA:3688,138
DA:3690,138
DA:3710,42
DA:3714,42
DA:3715,42
DA:3727,4
DA:3730,4
DA:3731,4
DA:3829,72
DA:3832,72
DA:4204,15
DA:4209,15
DA:4210,15
DA:4211,15
DA:4212,0
DA:4407,8
DA:4408,8
LF:47
LH:43
end_of_record
TN:
SF:/usr/include/c++/13/bits/basic_string.tcc
FN:221,252,_ZNSt7__cxx1112basic_stringIcSt11char_traitsIcESaIcEE12_M_constructIPKcEEvT_S8_St20forward_iterator_tag
FN:221,252,_ZNSt7__cxx1112basic_stringIcSt11char_traitsIcESaIcEE12_M_constructIPcEEvT_S7_St20forward_iterator_tag
FN:239,239,_ZZNSt7__cxx1112basic_stringIcSt11char_traitsIcESaIcEE12_M_constructIPKcEEvT_S8_St20forward_iterator_tagEN6_GuardC2EPS4_
FN:239,239,_ZZNSt7__cxx1112basic_stringIcSt11char_traitsIcESaIcEE12_M_constructIPcEEvT_S7_St20forward_iterator_tagEN6_GuardC2EPS4_
FN:242,242,_ZZNSt7__cxx1112basic_stringIcSt11char_traitsIcESaIcEE12_M_constructIPKcEEvT_S8_St20forward_iterator_tagEN6_GuardD2Ev
FN:242,242,_ZZNSt7__cxx1112basic_stringIcSt11char_traitsIcESaIcEE12_M_constructIPcEEvT_S7_St20forward_iterator_tagEN6_GuardD2Ev
FNDA:383,_ZNSt7__cxx1112basic_stringIcSt11char_traitsIcESaIcEE12_M_constructIPKcEEvT_S8_St20forward_iterator_tag
FNDA:0,_ZNSt7__cxx1112basic_stringIcSt11char_traitsIcESaIcEE12_M_constructIPcEEvT_S7_St20forward_iterator_tag
FNDA:383,_ZZNSt7__cxx1112basic_stringIcSt11char_traitsIcESaIcEE12_M_constructIPKcEEvT_S8_St20forward_iterator_tagEN6_GuardC2EPS4_
FNDA:0,_ZZNSt7__cxx1112basic_stringIcSt11char_traitsIcESaIcEE12_M_constructIPcEEvT_S7_St20forward_iterator_tagEN6_GuardC2EPS4_
FNDA:383,_ZZNSt7__cxx1112basic_stringIcSt11char_traitsIcESaIcEE12_M_constructIPKcEEvT_S8_St20forward_iterator_tagEN6_GuardD2Ev
FNDA:0,_ZZNSt7__cxx1112basic_stringIcSt11char_traitsIcESaIcEE12_M_constructIPcEEvT_S7_St20forward_iterator_tagEN6_GuardD2Ev
FNF:6
FNH:3
DA:221,383
DA:225,383
DA:227,383
DA:229,273
DA:230,273
DA:239,383
DA:242,383
DA:245,383
DA:247,383
DA:249,383
DA:251,383
DA:252,383
LF:12
LH:12
end_of_record
TN:
SF:/usr/include/c++/13/bits/char_traits.h
FN:136,137,_ZN9__gnu_cxx11char_traitsIcE2eqERKcS3_
FN:199,206,_ZN9__gnu_cxx11char_traitsIcE6lengthEPKc
FN:366,371,_ZNSt11char_traitsIcE2ltERKcS2_
FN:374,390,_ZNSt11char_traitsIcE7compareEPKcS2_m
FN:393,400,_ZNSt11char_traitsIcE6lengthEPKc
FN:427,436,_ZNSt11char_traitsIcE4copyEPcPKcm
FNDA:0,_ZN9__gnu_cxx11char_traitsIcE2eqERKcS3_
FNDA:0,_ZN9__gnu_cxx11char_traitsIcE6lengthEPKc
FNDA:0,_ZNSt11char_traitsIcE2ltERKcS2_
FNDA:21,_ZNSt11char_traitsIcE7compareEPKcS2_m
FNDA:501,_ZNSt11char_traitsIcE6lengthEPKc
FNDA:0,_ZNSt11char_traitsIcE4copyEPcPKcm
FNF:6
FNH:2
DA:136,0
DA:137,0
DA:199,0
DA:202,0
DA:203,0
DA:204,0
DA:205,0
DA:366,0
DA:369,0
DA:370,0
DA:374,21
DA:376,21
DA:377,0
DA:379,21
DA:381,0
DA:382,0
DA:383,0
DA:384,0
DA:385,0
DA:386,0
DA:389,21
DA:393,501
DA:396,501
DA:397,0
DA:399,501
DA:427,0
DA:429,0
DA:430,0
DA:435,0
LF:29
LH:7
end_of_record
TN:
SF:/usr/include/c++/13/bits/charconv.h
FN:55,74,_ZNSt8__detail14__to_chars_lenImEEjT_i
FN:81,110,_ZNSt8__detail18__to_chars_10_implImEEvPcjT_
FNDA:15,_ZNSt8__detail14__to_chars_lenImEEjT_i
FNDA:15,_ZNSt8__detail18__to_chars_10_implImEEvPcjT_
FNF:2
FNH:2
DA:55,15
DA:61,15
DA:62,15
DA:63,15
DA:64,15
DA:67,15
DA:68,0
DA:69,0
DA:70,0
DA:71,0
DA:72,0
DA:81,15
DA:87,15
DA:93,15
DA:94,15
DA:96,0
DA:97,0
DA:98,0
DA:99,0
DA:100,0
DA:102,15
DA:104,0
DA:105,0
DA:106,0
DA:109,15
DA:110,15
LF:26
LH:13
end_of_record
TN:
SF:/usr/include/c++/13/bits/chrono.h
FN:208,213,_ZNSt6chrono20__duration_cast_implINS_8durationIlSt5ratioILl1ELl1EEEES2_ILl1ELl1000EElLb1ELb0EE6__castIlS5_EES4_RKNS1_IT_T0_EE
FN:221,226,_ZNSt6chrono20__duration_cast_implINS_8durationIlSt5ratioILl1ELl1000000000EEEES2_ILl1000000ELl1EElLb0ELb1EE6__castIlS2_ILl1ELl1000EEEES4_RKNS1_IT_T0_EE
FN:221,226,_ZNSt6chrono20__duration_cast_implINS_8durationIlSt5ratioILl1ELl1000EEEES2_ILl1000ELl1EElLb0ELb1EE6__castIlS2_ILl1ELl1EEEES4_RKNS1_IT_T0_EE
FN:273,291,_ZNSt6chrono13duration_castINS_8durationIlSt5ratioILl1ELl1000000000EEEElS2_ILl1ELl1000EEEENSt9enable_ifIXsrNS_13__is_durationIT_EE5valueES8_E4typeERKNS1_IT0_T1_EE
FN:273,291,_ZNSt6chrono13duration_castINS_8durationIlSt5ratioILl1ELl1000EEEElS2_ILl1ELl1EEEENSt9enable_ifIXsrNS_13__is_durationIT_EE5valueES8_E4typeERKNS1_IT0_T1_EE
FN:273,291,_ZNSt6chrono13duration_castINS_8durationIlSt5ratioILl1ELl1EEEElS2_ILl1ELl1000EEEENSt9enable_ifIXsrNS_13__is_durationIT_EE5valueES8_E4typeERKNS1_IT0_T1_EE
FN:498,499,_ZNSt6chrono15duration_valuesIlE4zeroEv
FN:573,574,_ZNSt6chrono8durationIlSt5ratioILl1ELl1000000000EEEC1IlvEERKT_
FN:573,574,_ZNSt6chrono8durationIlSt5ratioILl1ELl1000EEEC2IivEERKT_
FN:573,574,_ZNSt6chrono8durationIlSt5ratioILl1ELl1000EEEC2IlvEERKT_
FN:573,574,_ZNSt6chrono8durationIlSt5ratioILl1ELl1EEEC1IlvEERKT_
FN:581,582,_ZNSt6chrono8durationIlSt5ratioILl1ELl1000EEEC2IlS1_ILl1ELl1EEvEERKNS0_IT_T0_EE
FN:589,590,_ZNKSt6chrono8durationIlSt5ratioILl1ELl1000000000EEE5countEv
FN:589,590,_ZNKSt6chrono8durationIlSt5ratioILl1ELl1000EEE5countEv
FN:589,590,_ZNKSt6chrono8durationIlSt5ratioILl1ELl1EEE5countEv
FN:673,674,_ZNSt6chrono8durationIlSt5ratioILl1ELl1000EEE4zeroEv
FN:710,717,_ZNSt6chronomiIlSt5ratioILl1ELl1000EElS1_ILl1ELl1EEEENSt11common_typeIJNS_8durationIT_T0_EENS5_IT1_T2_EEEE4typeERKS8_RKSB_
FN:822,829,_ZNSt6chronoltIlSt5ratioILl1ELl1000EElS2_EEbRKNS_8durationIT_T0_EERKNS3_IT1_T2_EE
FN:855,857,_ZNSt6chronoleIlSt5ratioILl1ELl1000EElS2_EEbRKNS_8durationIT_T0_EERKNS3_IT1_T2_EE
FNDA:25,_ZNSt6chrono20__duration_cast_implINS_8durationIlSt5ratioILl1ELl1EEEES2_ILl1ELl1000EElLb1ELb0EE6__castIlS5_EES4_RKNS1_IT_T0_EE
FNDA:25,_ZNSt6chrono20__duration_cast_implINS_8durationIlSt5ratioILl1ELl1000000000EEEES2_ILl1000000ELl1EElLb0ELb1EE6__castIlS2_ILl1ELl1000EEEES4_RKNS1_IT_T0_EE
FNDA:25,_ZNSt6chrono20__duration_cast_implINS_8durationIlSt5ratioILl1ELl1000EEEES2_ILl1000ELl1EElLb0ELb1EE6__castIlS2_ILl1ELl1EEEES4_RKNS1_IT_T0_EE
FNDA:25,_ZNSt6chrono13duration_castINS_8durationIlSt5ratioILl1ELl1000000000EEEElS2_ILl1ELl1000EEEENSt9enable_ifIXsrNS_13__is_durationIT_EE5valueES8_E4typeERKNS1_IT0_T1_EE
FNDA:25,_ZNSt6chrono13duration_castINS_8durationIlSt5ratioILl1ELl1000EEEElS2_ILl1ELl1EEEENSt9enable_ifIXsrNS_13__is_durationIT_EE5valueES8_E4typeERKNS1_IT0_T1_EE
FNDA:25,_ZNSt6chrono13duration_castINS_8durationIlSt5ratioILl1ELl1EEEElS2_ILl1ELl1000EEEENSt9enable_ifIXsrNS_13__is_durationIT_EE5valueES8_E4typeERKNS1_IT0_T1_EE
FNDA:25,_ZNSt6chrono15duration_valuesIlE4zeroEv
FNDA:0,_ZNSt6chrono8durationIlSt5ratioILl1ELl1000000000EEEC1IlvEERKT_
FNDA:25,_ZNSt6chrono8durationIlSt5ratioILl1ELl1000EEEC2IivEERKT_
FNDA:0,_ZNSt6chrono8durationIlSt5ratioILl1ELl1000EEEC2IlvEERKT_
FNDA:0,_ZNSt6chrono8durationIlSt5ratioILl1ELl1EEEC1IlvEERKT_
FNDA:25,_ZNSt6chrono8durationIlSt5ratioILl1ELl1000EEEC2IlS1_ILl1ELl1EEvEERKNS0_IT_T0_EE
FNDA:0,_ZNKSt6chrono8durationIlSt5ratioILl1ELl1000000000EEE5countEv
FNDA:0,_ZNKSt6chrono8durationIlSt5ratioILl1ELl1000EEE5countEv
FNDA:0,_ZNKSt6chrono8durationIlSt5ratioILl1ELl1EEE5countEv
FNDA:25,_ZNSt6chrono8durationIlSt5ratioILl1ELl1000EEE4zeroEv
FNDA:25,_ZNSt6chronomiIlSt5ratioILl1ELl1000EElS1_ILl1ELl1EEEENSt11common_typeIJNS_8durationIT_T0_EENS5_IT1_T2_EEEE4typeERKS8_RKSB_
FNDA:25,_ZNSt6chronoltIlSt5ratioILl1ELl1000EElS2_EEbRKNS_8durationIT_T0_EERKNS3_IT1_T2_EE
FNDA:25,_ZNSt6chronoleIlSt5ratioILl1ELl1000EElS2_EEbRKNS_8durationIT_T0_EERKNS3_IT1_T2_EE
FNF:19
FNH:13
DA:208,25
DA:211,50
DA:212,25
DA:221,50
DA:224,100
DA:225,50
DA:273,75
DA:287,75
DA:498,25
DA:499,25
DA:573,25
DA:574,25
DA:581,25
DA:582,25
DA:589,0
DA:590,0
DA:673,25
DA:674,25
DA:710,25
DA:716,25
DA:822,25
DA:828,25
DA:855,25
DA:857,25
LF:24
LH:22
end_of_record
TN:
SF:/usr/include/c++/13/bits/cpp_type_traits.h
FN:607,608,_ZSt12__miter_baseIN9__gnu_cxx17__normal_iteratorIPKiSt6vectorIiSaIiEEEEET_S8_
FN:607,608,_ZSt12__miter_baseIPK17CodingsConditionsET_S3_
FN:607,608,_ZSt12__miter_baseIPK22ThermalRaderConditionsET_S3_
FN:607,608,_ZSt12__miter_baseIPKiET_S2_
FNDA:12,_ZSt12__miter_baseIN9__gnu_cxx17__normal_iteratorIPKiSt6vectorIiSaIiEEEEET_S8_
FNDA:2,_ZSt12__miter_baseIPK17CodingsConditionsET_S3_
FNDA:2,_ZSt12__miter_baseIPK22ThermalRaderConditionsET_S3_
FNDA:2,_ZSt12__miter_baseIPKiET_S2_
FNF:4
FNH:4
DA:607,18
DA:608,18
LF:2
LH:2
end_of_record
TN:
SF:/usr/include/c++/13/bits/functional_hash.h
FN:204,206,_ZNSt10_Hash_impl4hashEPKvmm
FNDA:8,_ZNSt10_Hash_impl4hashEPKvmm
FNF:1
FNH:1
DA:204,8
DA:206,8
LF:2
LH:2
end_of_record
TN:
SF:/usr/include/c++/13/bits/hashtable.h
FN:1664,1680,_ZNSt10_HashtableINSt7__cxx1112basic_stringIcSt11char_traitsIcESaIcEEESt4pairIKS5_mESaIS8_ENSt8__detail10_Select1stESt8equal_toIS5_ESt4hashIS5_ENSA_18_Mod_range_hashingENSA_20_Default_ranged_hashENSA_20_Prime_rehash_policyENSA_17_Hashtable_traitsILb1ELb0ELb1EEEE4findERS7_
FN:1948,1970,_ZNKSt10_HashtableINSt7__cxx1112basic_stringIcSt11char_traitsIcESaIcEEESt4pairIKS5_mESaIS8_ENSt8__detail10_Select1stESt8equal_toIS5_ESt4hashIS5_ENSA_18_Mod_range_hashingENSA_20_Default_ranged_hashENSA_20_Prime_rehash_policyENSA_17_Hashtable_traitsILb1ELb0ELb1EEEE19_M_find_before_nodeEmRS7_m
FN:2007,2033,_ZNSt10_HashtableINSt7__cxx1112basic_stringIcSt11char_traitsIcESaIcEEESt4pairIKS5_mESaIS8_ENSt8__detail10_Select1stESt8equal_toIS5_ESt4hashIS5_ENSA_18_Mod_range_hashingENSA_20_Default_ranged_hashENSA_20_Prime_rehash_policyENSA_17_Hashtable_traitsILb1ELb0ELb1EEEE22_M_insert_bucket_beginEmPNSA_10_Hash_nodeIS8_Lb1EEE
FN:2081,2108,_ZNSt10_HashtableINSt7__cxx1112basic_stringIcSt11char_traitsIcESaIcEEESt4pairIKS5_mESaIS8_ENSt8__detail10_Select1stESt8equal_toIS5_ESt4hashIS5_ENSA_18_Mod_range_hashingENSA_20_Default_ranged_hashENSA_20_Prime_rehash_policyENSA_17_Hashtable_traitsILb1ELb0ELb1EEEE10_M_emplaceIJS5_mEEES6_INSA_14_Node_iteratorIS8_Lb0ELb1EEEbESt17integral_constantIbLb1EEDpOT_
FN:2166,2189,_ZNSt10_HashtableINSt7__cxx1112basic_stringIcSt11char_traitsIcESaIcEEESt4pairIKS5_mESaIS8_ENSt8__detail10_Select1stESt8equal_toIS5_ESt4hashIS5_ENSA_18_Mod_range_hashingENSA_20_Default_ranged_hashENSA_20_Prime_rehash_policyENSA_17_Hashtable_traitsILb1ELb0ELb1EEEE21_M_insert_unique_nodeEmmPNSA_10_Hash_nodeIS8_Lb1EEEm
FN:2559,2574,_ZNSt10_HashtableINSt7__cxx1112basic_stringIcSt11char_traitsIcESaIcEEESt4pairIKS5_mESaIS8_ENSt8__detail10_Select1stESt8equal_toIS5_ESt4hashIS5_ENSA_18_Mod_range_hashingENSA_20_Default_ranged_hashENSA_20_Prime_rehash_policyENSA_17_Hashtable_traitsILb1ELb0ELb1EEEE9_M_rehashEmRKm
FN:2582,2616,_ZNSt10_HashtableINSt7__cxx1112basic_stringIcSt11char_traitsIcESaIcEEESt4pairIKS5_mESaIS8_ENSt8__detail10_Select1stESt8equal_toIS5_ESt4hashIS5_ENSA_18_Mod_range_hashingENSA_20_Default_ranged_hashENSA_20_Prime_rehash_policyENSA_17_Hashtable_traitsILb1ELb0ELb1EEEE13_M_rehash_auxEmSt17integral_constantIbLb1EE
FN:305,308,_ZNSt10_HashtableINSt7__cxx1112basic_stringIcSt11char_traitsIcESaIcEEESt4pairIKS5_mESaIS8_ENSt8__detail10_Select1stESt8equal_toIS5_ESt4hashIS5_ENSA_18_Mod_range_hashingENSA_20_Default_ranged_hashENSA_20_Prime_rehash_policyENSA_17_Hashtable_traitsILb1ELb0ELb1EEEE12_Scoped_nodeC2IJS5_mEEEPNSA_16_Hashtable_allocISaINSA_10_Hash_nodeIS8_Lb1EEEEEEDpOT_
FN:311,311,_ZNSt10_HashtableINSt7__cxx1112basic_stringIcSt11char_traitsIcESaIcEEESt4pairIKS5_mESaIS8_ENSt8__detail10_Select1stESt8equal_toIS5_ESt4hashIS5_ENSA_18_Mod_range_hashingENSA_20_Default_ranged_hashENSA_20_Prime_rehash_policyENSA_17_Hashtable_traitsILb1ELb0ELb1EEEE12_Scoped_nodeD2Ev
FN:416,417,_ZNKSt10_HashtableINSt7__cxx1112basic_stringIcSt11char_traitsIcESaIcEEESt4pairIKS5_mESaIS8_ENSt8__detail10_Select1stESt8equal_toIS5_ESt4hashIS5_ENSA_18_Mod_range_hashingENSA_20_Default_ranged_hashENSA_20_Prime_rehash_policyENSA_17_Hashtable_traitsILb1ELb0ELb1EEEE21_M_uses_single_bucketEPPNSA_15_Hash_node_baseE
FN:424,428,_ZNSt10_HashtableINSt7__cxx1112basic_stringIcSt11char_traitsIcESaIcEEESt4pairIKS5_mESaIS8_ENSt8__detail10_Select1stESt8equal_toIS5_ESt4hashIS5_ENSA_18_Mod_range_hashingENSA_20_Default_ranged_hashENSA_20_Prime_rehash_policyENSA_17_Hashtable_traitsILb1ELb0ELb1EEEE22__small_size_thresholdEv
FN:434,443,_ZNSt10_HashtableINSt7__cxx1112basic_stringIcSt11char_traitsIcESaIcEEESt4pairIKS5_mESaIS8_ENSt8__detail10_Select1stESt8equal_toIS5_ESt4hashIS5_ENSA_18_Mod_range_hashingENSA_20_Default_ranged_hashENSA_20_Prime_rehash_policyENSA_17_Hashtable_traitsILb1ELb0ELb1EEEE19_M_allocate_bucketsEm
FN:446,452,_ZNSt10_HashtableINSt7__cxx1112basic_stringIcSt11char_traitsIcESaIcEEESt4pairIKS5_mESaIS8_ENSt8__detail10_Select1stESt8equal_toIS5_ESt4hashIS5_ENSA_18_Mod_range_hashingENSA_20_Default_ranged_hashENSA_20_Prime_rehash_policyENSA_17_Hashtable_traitsILb1ELb0ELb1EEEE21_M_deallocate_bucketsEPPNSA_15_Hash_node_baseEm
FN:455,456,_ZNSt10_HashtableINSt7__cxx1112basic_stringIcSt11char_traitsIcESaIcEEESt4pairIKS5_mESaIS8_ENSt8__detail10_Select1stESt8equal_toIS5_ESt4hashIS5_ENSA_18_Mod_range_hashingENSA_20_Default_ranged_hashENSA_20_Prime_rehash_policyENSA_17_Hashtable_traitsILb1ELb0ELb1EEEE21_M_deallocate_bucketsEv
FN:464,465,_ZNKSt10_HashtableINSt7__cxx1112basic_stringIcSt11char_traitsIcESaIcEEESt4pairIKS5_mESaIS8_ENSt8__detail10_Select1stESt8equal_toIS5_ESt4hashIS5_ENSA_18_Mod_range_hashingENSA_20_Default_ranged_hashENSA_20_Prime_rehash_policyENSA_17_Hashtable_traitsILb1ELb0ELb1EEEE8_M_beginEv
FN:623,624,_ZNSt10_HashtableINSt7__cxx1112basic_stringIcSt11char_traitsIcESaIcEEESt4pairIKS5_mESaIS8_ENSt8__detail10_Select1stESt8equal_toIS5_ESt4hashIS5_ENSA_18_Mod_range_hashingENSA_20_Default_ranged_hashENSA_20_Prime_rehash_policyENSA_17_Hashtable_traitsILb1ELb0ELb1EEEE5beginEv
FN:631,632,_ZNSt10_HashtableINSt7__cxx1112basic_stringIcSt11char_traitsIcESaIcEEESt4pairIKS5_mESaIS8_ENSt8__detail10_Select1stESt8equal_toIS5_ESt4hashIS5_ENSA_18_Mod_range_hashingENSA_20_Default_ranged_hashENSA_20_Prime_rehash_policyENSA_17_Hashtable_traitsILb1ELb0ELb1EEEE3endEv
FN:647,648,_ZNKSt10_HashtableINSt7__cxx1112basic_stringIcSt11char_traitsIcESaIcEEESt4pairIKS5_mESaIS8_ENSt8__detail10_Select1stESt8equal_toIS5_ESt4hashIS5_ENSA_18_Mod_range_hashingENSA_20_Default_ranged_hashENSA_20_Prime_rehash_policyENSA_17_Hashtable_traitsILb1ELb0ELb1EEEE4sizeEv
FN:792,793,_ZNKSt10_HashtableINSt7__cxx1112basic_stringIcSt11char_traitsIcESaIcEEESt4pairIKS5_mESaIS8_ENSt8__detail10_Select1stESt8equal_toIS5_ESt4hashIS5_ENSA_18_Mod_range_hashingENSA_20_Default_ranged_hashENSA_20_Prime_rehash_policyENSA_17_Hashtable_traitsILb1ELb0ELb1EEEE15_M_bucket_indexERKNSA_16_Hash_node_valueIS8_Lb1EEE
FN:796,797,_ZNKSt10_HashtableINSt7__cxx1112basic_stringIcSt11char_traitsIcESaIcEEESt4pairIKS5_mESaIS8_ENSt8__detail10_Select1stESt8equal_toIS5_ESt4hashIS5_ENSA_18_Mod_range_hashingENSA_20_Default_ranged_hashENSA_20_Prime_rehash_policyENSA_17_Hashtable_traitsILb1ELb0ELb1EEEE15_M_bucket_indexEm
FN:812,819,_ZNKSt10_HashtableINSt7__cxx1112basic_stringIcSt11char_traitsIcESaIcEEESt4pairIKS5_mESaIS8_ENSt8__detail10_Select1stESt8equal_toIS5_ESt4hashIS5_ENSA_18_Mod_range_hashingENSA_20_Default_ranged_hashENSA_20_Prime_rehash_policyENSA_17_Hashtable_traitsILb1ELb0ELb1EEEE12_M_find_nodeEmRS7_m
FN:960,961,_ZNSt10_HashtableINSt7__cxx1112basic_stringIcSt11char_traitsIcESaIcEEESt4pairIKS5_mESaIS8_ENSt8__detail10_Select1stESt8equal_toIS5_ESt4hashIS5_ENSA_18_Mod_range_hashingENSA_20_Default_ranged_hashENSA_20_Prime_rehash_policyENSA_17_Hashtable_traitsILb1ELb0ELb1EEEE7emplaceIJS5_mEEES6_INSA_14_Node_iteratorIS8_Lb0ELb1EEEbEDpOT_
FNDA:8,_ZNSt10_HashtableINSt7__cxx1112basic_stringIcSt11char_traitsIcESaIcEEESt4pairIKS5_mESaIS8_ENSt8__detail10_Select1stESt8equal_toIS5_ESt4hashIS5_ENSA_18_Mod_range_hashingENSA_20_Default_ranged_hashENSA_20_Prime_rehash_policyENSA_17_Hashtable_traitsILb1ELb0ELb1EEEE4findERS7_
FNDA:0,_ZNKSt10_HashtableINSt7__cxx1112basic_stringIcSt11char_traitsIcESaIcEEESt4pairIKS5_mESaIS8_ENSt8__detail10_Select1stESt8equal_toIS5_ESt4hashIS5_ENSA_18_Mod_range_hashingENSA_20_Default_ranged_hashENSA_20_Prime_rehash_policyENSA_17_Hashtable_traitsILb1ELb0ELb1EEEE19_M_find_before_nodeEmRS7_m
FNDA:4,_ZNSt10_HashtableINSt7__cxx1112basic_stringIcSt11char_traitsIcESaIcEEESt4pairIKS5_mESaIS8_ENSt8__detail10_Select1stESt8equal_toIS5_ESt4hashIS5_ENSA_18_Mod_range_hashingENSA_20_Default_ranged_hashENSA_20_Prime_rehash_policyENSA_17_Hashtable_traitsILb1ELb0ELb1EEEE22_M_insert_bucket_beginEmPNSA_10_Hash_nodeIS8_Lb1EEE
FNDA:4,_ZNSt10_HashtableINSt7__cxx1112basic_stringIcSt11char_traitsIcESaIcEEESt4pairIKS5_mESaIS8_ENSt8__detail10_Select1stESt8equal_toIS5_ESt4hashIS5_ENSA_18_Mod_range_hashingENSA_20_Default_ranged_hashENSA_20_Prime_rehash_policyENSA_17_Hashtable_traitsILb1ELb0ELb1EEEE10_M_emplaceIJS5_mEEES6_INSA_14_Node_iteratorIS8_Lb0ELb1EEEbESt17integral_constantIbLb1EEDpOT_
FNDA:4,_ZNSt10_HashtableINSt7__cxx1112basic_stringIcSt11char_traitsIcESaIcEEESt4pairIKS5_mESaIS8_ENSt8__detail10_Select1stESt8equal_toIS5_ESt4hashIS5_ENSA_18_Mod_range_hashingENSA_20_Default_ranged_hashENSA_20_Prime_rehash_policyENSA_17_Hashtable_traitsILb1ELb0ELb1EEEE21_M_insert_unique_nodeEmmPNSA_10_Hash_nodeIS8_Lb1EEEm
FNDA:1,_ZNSt10_HashtableINSt7__cxx1112basic_stringIcSt11char_traitsIcESaIcEEESt4pairIKS5_mESaIS8_ENSt8__detail10_Select1stESt8equal_toIS5_ESt4hashIS5_ENSA_18_Mod_range_hashingENSA_20_Default_ranged_hashENSA_20_Prime_rehash_policyENSA_17_Hashtable_traitsILb1ELb0ELb1EEEE9_M_rehashEmRKm
FNDA:1,_ZNSt10_HashtableINSt7__cxx1112basic_stringIcSt11char_traitsIcESaIcEEESt4pairIKS5_mESaIS8_ENSt8__detail10_Select1stESt8equal_toIS5_ESt4hashIS5_ENSA_18_Mod_range_hashingENSA_20_Default_ranged_hashENSA_20_Prime_rehash_policyENSA_17_Hashtable_traitsILb1ELb0ELb1EEEE13_M_rehash_auxEmSt17integral_constantIbLb1EE
FNDA:4,_ZNSt10_HashtableINSt7__cxx1112basic_stringIcSt11char_traitsIcESaIcEEESt4pairIKS5_mESaIS8_ENSt8__detail10_Select1stESt8equal_toIS5_ESt4hashIS5_ENSA_18_Mod_range_hashingENSA_20_Default_ranged_hashENSA_20_Prime_rehash_policyENSA_17_Hashtable_traitsILb1ELb0ELb1EEEE12_Scoped_nodeC2IJS5_mEEEPNSA_16_Hashtable_allocISaINSA_10_Hash_nodeIS8_Lb1EEEEEEDpOT_
FNDA:4,_ZNSt10_HashtableINSt7__cxx1112basic_stringIcSt11char_traitsIcESaIcEEESt4pairIKS5_mESaIS8_ENSt8__detail10_Select1stESt8equal_toIS5_ESt4hashIS5_ENSA_18_Mod_range_hashingENSA_20_Default_ranged_hashENSA_20_Prime_rehash_policyENSA_17_Hashtable_traitsILb1ELb0ELb1EEEE12_Scoped_nodeD2Ev
FNDA:2,_ZNKSt10_HashtableINSt7__cxx1112basic_stringIcSt11char_traitsIcESaIcEEESt4pairIKS5_mESaIS8_ENSt8__detail10_Select1stESt8equal_toIS5_ESt4hashIS5_ENSA_18_Mod_range_hashingENSA_20_Default_ranged_hashENSA_20_Prime_rehash_policyENSA_17_Hashtable_traitsILb1ELb0ELb1EEEE21_M_uses_single_bucketEPPNSA_15_Hash_node_baseE
FNDA:16,_ZNSt10_HashtableINSt7__cxx1112basic_stringIcSt11char_traitsIcESaIcEEESt4pairIKS5_mESaIS8_ENSt8__detail10_Select1stESt8equal_toIS5_ESt4hashIS5_ENSA_18_Mod_range_hashingENSA_20_Default_ranged_hashENSA_20_Prime_rehash_policyENSA_17_Hashtable_traitsILb1ELb0ELb1EEEE22__small_size_thresholdEv
FNDA:1,_ZNSt10_HashtableINSt7__cxx1112basic_stringIcSt11char_traitsIcESaIcEEESt4pairIKS5_mESaIS8_ENSt8__detail10_Select1stESt8equal_toIS5_ESt4hashIS5_ENSA_18_Mod_range_hashingENSA_20_Default_ranged_hashENSA_20_Prime_rehash_policyENSA_17_Hashtable_traitsILb1ELb0ELb1EEEE19_M_allocate_bucketsEm
FNDA:2,_ZNSt10_HashtableINSt7__cxx1112basic_stringIcSt11char_traitsIcESaIcEEESt4pairIKS5_mESaIS8_ENSt8__detail10_Select1stESt8equal_toIS5_ESt4hashIS5_ENSA_18_Mod_range_hashingENSA_20_Default_ranged_hashENSA_20_Prime_rehash_policyENSA_17_Hashtable_traitsILb1ELb0ELb1EEEE21_M_deallocate_bucketsEPPNSA_15_Hash_node_baseEm
FNDA:2,_ZNSt10_HashtableINSt7__cxx1112basic_stringIcSt11char_traitsIcESaIcEEESt4pairIKS5_mESaIS8_ENSt8__detail10_Select1stESt8equal_toIS5_ESt4hashIS5_ENSA_18_Mod_range_hashingENSA_20_Default_ranged_hashENSA_20_Prime_rehash_policyENSA_17_Hashtable_traitsILb1ELb0ELb1EEEE21_M_deallocate_bucketsEv
FNDA:14,_ZNKSt10_HashtableINSt7__cxx1112basic_stringIcSt11char_traitsIcESaIcEEESt4pairIKS5_mESaIS8_ENSt8__detail10_Select1stESt8equal_toIS5_ESt4hashIS5_ENSA_18_Mod_range_hashingENSA_20_Default_ranged_hashENSA_20_Prime_rehash_policyENSA_17_Hashtable_traitsILb1ELb0ELb1EEEE8_M_beginEv
FNDA:12,_ZNSt10_HashtableINSt7__cxx1112basic_stringIcSt11char_traitsIcESaIcEEESt4pairIKS5_mESaIS8_ENSt8__detail10_Select1stESt8equal_toIS5_ESt4hashIS5_ENSA_18_Mod_range_hashingENSA_20_Default_ranged_hashENSA_20_Prime_rehash_policyENSA_17_Hashtable_traitsILb1ELb0ELb1EEEE5beginEv
FNDA:36,_ZNSt10_HashtableINSt7__cxx1112basic_stringIcSt11char_traitsIcESaIcEEESt4pairIKS5_mESaIS8_ENSt8__detail10_Select1stESt8equal_toIS5_ESt4hashIS5_ENSA_18_Mod_range_hashingENSA_20_Default_ranged_hashENSA_20_Prime_rehash_policyENSA_17_Hashtable_traitsILb1ELb0ELb1EEEE3endEv
FNDA:16,_ZNKSt10_HashtableINSt7__cxx1112basic_stringIcSt11char_traitsIcESaIcEEESt4pairIKS5_mESaIS8_ENSt8__detail10_Select1stESt8equal_toIS5_ESt4hashIS5_ENSA_18_Mod_range_hashingENSA_20_Default_ranged_hashENSA_20_Prime_rehash_policyENSA_17_Hashtable_traitsILb1ELb0ELb1EEEE4sizeEv
FNDA:3,_ZNKSt10_HashtableINSt7__cxx1112basic_stringIcSt11char_traitsIcESaIcEEESt4pairIKS5_mESaIS8_ENSt8__detail10_Select1stESt8equal_toIS5_ESt4hashIS5_ENSA_18_Mod_range_hashingENSA_20_Default_ranged_hashENSA_20_Prime_rehash_policyENSA_17_Hashtable_traitsILb1ELb0ELb1EEEE15_M_bucket_indexERKNSA_16_Hash_node_valueIS8_Lb1EEE
FNDA:5,_ZNKSt10_HashtableINSt7__cxx1112basic_stringIcSt11char_traitsIcESaIcEEESt4pairIKS5_mESaIS8_ENSt8__detail10_Select1stESt8equal_toIS5_ESt4hashIS5_ENSA_18_Mod_range_hashingENSA_20_Default_ranged_hashENSA_20_Prime_rehash_policyENSA_17_Hashtable_traitsILb1ELb0ELb1EEEE15_M_bucket_indexEm
FNDA:0,_ZNKSt10_HashtableINSt7__cxx1112basic_stringIcSt11char_traitsIcESaIcEEESt4pairIKS5_mESaIS8_ENSt8__detail10_Select1stESt8equal_toIS5_ESt4hashIS5_ENSA_18_Mod_range_hashingENSA_20_Default_ranged_hashENSA_20_Prime_rehash_policyENSA_17_Hashtable_traitsILb1ELb0ELb1EEEE12_M_find_nodeEmRS7_m
FNDA:4,_ZNSt10_HashtableINSt7__cxx1112basic_stringIcSt11char_traitsIcESaIcEEESt4pairIKS5_mESaIS8_ENSt8__detail10_Select1stESt8equal_toIS5_ESt4hashIS5_ENSA_18_Mod_range_hashingENSA_20_Default_ranged_hashENSA_20_Prime_rehash_policyENSA_17_Hashtable_traitsILb1ELb0ELb1EEEE7emplaceIJS5_mEEES6_INSA_14_Node_iteratorIS8_Lb0ELb1EEEbEDpOT_
FNF:22
FNH:20
DA:305,4
DA:306,4
DA:307,4
DA:308,4
DA:311,4
DA:416,2
DA:417,2
DA:424,16
DA:427,16
DA:434,1
DA:436,1
DA:438,0
DA:439,0
DA:442,1
DA:446,2
DA:448,2
DA:449,1
DA:451,1
DA:455,2
DA:456,2
DA:464,14
DA:465,14
DA:623,12
DA:624,12
DA:631,36
DA:632,36
DA:647,16
DA:648,16
DA:792,3
DA:793,3
DA:796,5
DA:797,5
DA:812,0
DA:815,0
DA:816,0
DA:817,0
DA:818,0
DA:960,4
DA:961,4
DA:1664,8
DA:1669,8
DA:1671,14
DA:1672,10
DA:1673,4
DA:1674,4
DA:1677,0
DA:1678,0
DA:1679,0
DA:1948,0
DA:1954,0
DA:1955,0
DA:1956,0
DA:1958,0
DA:1959,0
DA:1961,0
DA:1962,0
DA:1964,0
DA:1965,0
DA:1966,0
DA:1969,0
DA:2007,4
DA:2011,4
DA:2015,0
DA:2016,0
DA:2023,4
DA:2024,4
DA:2026,4
DA:2029,3
DA:2031,4
DA:2033,4
DA:2081,4
DA:2087,4
DA:2088,8
DA:2089,4
DA:2091,10
DA:2092,6
DA:2094,0
DA:2097,4
DA:2098,4
DA:2099,4
DA:2100,0
DA:2102,0
DA:2105,4
DA:2106,4
DA:2107,4
DA:2108,4
DA:2166,4
DA:2172,4
DA:2174,4
DA:2177,4
DA:2179,1
DA:2180,1
DA:2183,4
DA:2186,4
DA:2187,4
DA:2188,4
DA:2559,1
DA:2565,1
DA:2567,0
DA:2571,0
DA:2572,0
DA:2574,1
DA:2582,1
DA:2586,1
DA:2587,1
DA:2588,1
DA:2589,1
DA:2590,1
DA:2592,0
DA:2594,0
DA:2595,0
DA:2597,0
DA:2598,0
DA:2599,0
DA:2600,0
DA:2601,0
DA:2602,0
DA:2606,0
DA:2607,0
DA:2610,0
DA:2613,1
DA:2614,1
DA:2615,1
DA:2616,1
LF:124
LH:82
end_of_record
TN:
SF:/usr/include/c++/13/bits/hashtable_policy.h
FN:112,113,_ZNKSt8__detail10_Select1stclIRKSt4pairIKNSt7__cxx1112basic_stringIcSt11char_traitsIcESaIcEEEmEEEONS0_10__1st_typeIT_E4typeEOSE_
FN:112,113,_ZNKSt8__detail10_Select1stclIRSt4pairIKNSt7__cxx1112basic_stringIcSt11char_traitsIcESaIcEEEmEEEONS0_10__1st_typeIT_E4typeEOSD_
FN:1225,1225,_ZNKSt8__detail21_Hashtable_ebo_helperILi0ESt8equal_toINSt7__cxx1112basic_stringIcSt11char_traitsIcESaIcEEEELb1EE7_M_cgetEv
FN:1225,1225,_ZNKSt8__detail21_Hashtable_ebo_helperILi1ESt4hashINSt7__cxx1112basic_stringIcSt11char_traitsIcESaIcEEEELb1EE7_M_cgetEv
FN:1226,1226,_ZNSt8__detail21_Hashtable_ebo_helperILi0ESaINS_10_Hash_nodeISt4pairIKNSt7__cxx1112basic_stringIcSt11char_traitsIcESaIcEEEmELb1EEEELb1EE6_M_getEv
FN:1306,1311,_ZNKSt8__detail15_Hash_code_baseINSt7__cxx1112basic_stringIcSt11char_traitsIcESaIcEEESt4pairIKS6_mENS_10_Select1stESt4hashIS6_ENS_18_Mod_range_hashingENS_20_Default_ranged_hashELb1EE12_M_hash_codeERS8_
FN:1331,1332,_ZNKSt8__detail15_Hash_code_baseINSt7__cxx1112basic_stringIcSt11char_traitsIcESaIcEEESt4pairIKS6_mENS_10_Select1stESt4hashIS6_ENS_18_Mod_range_hashingENS_20_Default_ranged_hashELb1EE15_M_bucket_indexEmm
FN:1346,1350,_ZNKSt8__detail15_Hash_code_baseINSt7__cxx1112basic_stringIcSt11char_traitsIcESaIcEEESt4pairIKS6_mENS_10_Select1stESt4hashIS6_ENS_18_Mod_range_hashingENS_20_Default_ranged_hashELb1EE15_M_bucket_indexERKNS_16_Hash_node_valueIS9_Lb1EEEm
FN:1362,1363,_ZNKSt8__detail15_Hash_code_baseINSt7__cxx1112basic_stringIcSt11char_traitsIcESaIcEEESt4pairIKS6_mENS_10_Select1stESt4hashIS6_ENS_18_Mod_range_hashingENS_20_Default_ranged_hashELb1EE13_M_store_codeERNS_21_Hash_node_code_cacheILb1EEEm
FN:1375,1375,_ZNKSt8__detail15_Hash_code_baseINSt7__cxx1112basic_stringIcSt11char_traitsIcESaIcEEESt4pairIKS6_mENS_10_Select1stESt4hashIS6_ENS_18_Mod_range_hashingENS_20_Default_ranged_hashELb1EE7_M_hashEv
FN:1692,1693,_ZNSt8__detail15_Hashtable_baseINSt7__cxx1112basic_stringIcSt11char_traitsIcESaIcEEESt4pairIKS6_mENS_10_Select1stESt8equal_toIS6_ESt4hashIS6_ENS_18_Mod_range_hashingENS_20_Default_ranged_hashENS_17_Hashtable_traitsILb1ELb0ELb1EEEE9_S_equalsEmRKNS_21_Hash_node_code_cacheILb1EEE
FN:1708,1716,_ZNKSt8__detail15_Hashtable_baseINSt7__cxx1112basic_stringIcSt11char_traitsIcESaIcEEESt4pairIKS6_mENS_10_Select1stESt8equal_toIS6_ESt4hashIS6_ENS_18_Mod_range_hashingENS_20_Default_ranged_hashENS_17_Hashtable_traitsILb1ELb0ELb1EEEE13_M_key_equalsERS8_RKNS_16_Hash_node_valueIS9_Lb1EEE
FN:1732,1734,_ZNKSt8__detail15_Hashtable_baseINSt7__cxx1112basic_stringIcSt11char_traitsIcESaIcEEESt4pairIKS6_mENS_10_Select1stESt8equal_toIS6_ESt4hashIS6_ENS_18_Mod_range_hashingENS_20_Default_ranged_hashENS_17_Hashtable_traitsILb1ELb0ELb1EEEE9_M_equalsERS8_mRKNS_16_Hash_node_valueIS9_Lb1EEE
FN:1760,1760,_ZNKSt8__detail15_Hashtable_baseINSt7__cxx1112basic_stringIcSt11char_traitsIcESaIcEEESt4pairIKS6_mENS_10_Select1stESt8equal_toIS6_ESt4hashIS6_ENS_18_Mod_range_hashingENS_20_Default_ranged_hashENS_17_Hashtable_traitsILb1ELb0ELb1EEEE5_M_eqEv
FN:1950,1951,_ZNSt8__detail16_Hashtable_allocISaINS_10_Hash_nodeISt4pairIKNSt7__cxx1112basic_stringIcSt11char_traitsIcESaIcEEEmELb1EEEEE17_M_node_allocatorEv
FN:1987,2005,_ZNSt8__detail16_Hashtable_allocISaINS_10_Hash_nodeISt4pairIKNSt7__cxx1112basic_stringIcSt11char_traitsIcESaIcEEEmELb1EEEEE16_M_allocate_nodeIJS8_mEEEPSB_DpOT_
FN:2009,2013,_ZNSt8__detail16_Hashtable_allocISaINS_10_Hash_nodeISt4pairIKNSt7__cxx1112basic_stringIcSt11char_traitsIcESaIcEEEmELb1EEEEE18_M_deallocate_nodeEPSB_
FN:2017,2023,_ZNSt8__detail16_Hashtable_allocISaINS_10_Hash_nodeISt4pairIKNSt7__cxx1112basic_stringIcSt11char_traitsIcESaIcEEEmELb1EEEEE22_M_deallocate_node_ptrEPSB_
FN:2039,2048,_ZNSt8__detail16_Hashtable_allocISaINS_10_Hash_nodeISt4pairIKNSt7__cxx1112basic_stringIcSt11char_traitsIcESaIcEEEmELb1EEEEE19_M_allocate_bucketsEm
FN:2052,2060,_ZNSt8__detail16_Hashtable_allocISaINS_10_Hash_nodeISt4pairIKNSt7__cxx1112basic_stringIcSt11char_traitsIcESaIcEEEmELb1EEEEE21_M_deallocate_bucketsEPPNS_15_Hash_node_baseEm
FN:297,298,_ZNSt8__detail22_Hashtable_hash_traitsISt4hashINSt7__cxx1112basic_stringIcSt11char_traitsIcESaIcEEEEE22__small_size_thresholdEv
FN:313,313,_ZNSt8__detail15_Hash_node_baseC2Ev
FN:380,381,_ZNKSt8__detail10_Hash_nodeISt4pairIKNSt7__cxx1112basic_stringIcSt11char_traitsIcESaIcEEEmELb1EE7_M_nextEv
FN:393,394,_ZNSt8__detail19_Node_iterator_baseISt4pairIKNSt7__cxx1112basic_stringIcSt11char_traitsIcESaIcEEEmELb1EEC2EPNS_10_Hash_nodeIS9_Lb1EEE
FN:397,398,_ZNSt8__detail19_Node_iterator_baseISt4pairIKNSt7__cxx1112basic_stringIcSt11char_traitsIcESaIcEEEmELb1EE7_M_incrEv
FN:407,409,_ZNSt8__detailneERKNS_19_Node_iterator_baseISt4pairIKNSt7__cxx1112basic_stringIcSt11char_traitsIcESaIcEEEmELb1EEESC_
FN:436,437,_ZNSt8__detail14_Node_iteratorISt4pairIKNSt7__cxx1112basic_stringIcSt11char_traitsIcESaIcEEEmELb0ELb1EEC2EPNS_10_Hash_nodeIS9_Lb1EEE
FN:444,445,_ZNKSt8__detail14_Node_iteratorISt4pairIKNSt7__cxx1112basic_stringIcSt11char_traitsIcESaIcEEEmELb0ELb1EEptEv
FN:448,452,_ZNSt8__detail14_Node_iteratorISt4pairIKNSt7__cxx1112basic_stringIcSt11char_traitsIcESaIcEEEmELb0ELb1EEppEv
FN:526,528,_ZNKSt8__detail18_Mod_range_hashingclEmm
FN:571,572,_ZNKSt8__detail20_Prime_rehash_policy8_M_stateEv
FN:579,580,_ZNSt8__detail20_Prime_rehash_policy8_M_resetEm
FNDA:16,_ZNKSt8__detail10_Select1stclIRKSt4pairIKNSt7__cxx1112basic_stringIcSt11char_traitsIcESaIcEEEmEEEONS0_10__1st_typeIT_E4typeEOSE_
FNDA:4,_ZNKSt8__detail10_Select1stclIRSt4pairIKNSt7__cxx1112basic_stringIcSt11char_traitsIcESaIcEEEmEEEONS0_10__1st_typeIT_E4typeEOSD_
FNDA:28,_ZNKSt8__detail21_Hashtable_ebo_helperILi0ESt8equal_toINSt7__cxx1112basic_stringIcSt11char_traitsIcESaIcEEEELb1EE7_M_cgetEv
FNDA:8,_ZNKSt8__detail21_Hashtable_ebo_helperILi1ESt4hashINSt7__cxx1112basic_stringIcSt11char_traitsIcESaIcEEEELb1EE7_M_cgetEv
FNDA:18,_ZNSt8__detail21_Hashtable_ebo_helperILi0ESaINS_10_Hash_nodeISt4pairIKNSt7__cxx1112basic_stringIcSt11char_traitsIcESaIcEEEmELb1EEEELb1EE6_M_getEv
FNDA:4,_ZNKSt8__detail15_Hash_code_baseINSt7__cxx1112basic_stringIcSt11char_traitsIcESaIcEEESt4pairIKS6_mENS_10_Select1stESt4hashIS6_ENS_18_Mod_range_hashingENS_20_Default_ranged_hashELb1EE12_M_hash_codeERS8_
FNDA:5,_ZNKSt8__detail15_Hash_code_baseINSt7__cxx1112basic_stringIcSt11char_traitsIcESaIcEEESt4pairIKS6_mENS_10_Select1stESt4hashIS6_ENS_18_Mod_range_hashingENS_20_Default_ranged_hashELb1EE15_M_bucket_indexEmm
FNDA:3,_ZNKSt8__detail15_Hash_code_baseINSt7__cxx1112basic_stringIcSt11char_traitsIcESaIcEEESt4pairIKS6_mENS_10_Select1stESt4hashIS6_ENS_18_Mod_range_hashingENS_20_Default_ranged_hashELb1EE15_M_bucket_indexERKNS_16_Hash_node_valueIS9_Lb1EEEm
FNDA:4,_ZNKSt8__detail15_Hash_code_baseINSt7__cxx1112basic_stringIcSt11char_traitsIcESaIcEEESt4pairIKS6_mENS_10_Select1stESt4hashIS6_ENS_18_Mod_range_hashingENS_20_Default_ranged_hashELb1EE13_M_store_codeERNS_21_Hash_node_code_cacheILb1EEEm
FNDA:4,_ZNKSt8__detail15_Hash_code_baseINSt7__cxx1112basic_stringIcSt11char_traitsIcESaIcEEESt4pairIKS6_mENS_10_Select1stESt4hashIS6_ENS_18_Mod_range_hashingENS_20_Default_ranged_hashELb1EE7_M_hashEv
FNDA:0,_ZNSt8__detail15_Hashtable_baseINSt7__cxx1112basic_stringIcSt11char_traitsIcESaIcEEESt4pairIKS6_mENS_10_Select1stESt8equal_toIS6_ESt4hashIS6_ENS_18_Mod_range_hashingENS_20_Default_ranged_hashENS_17_Hashtable_traitsILb1ELb0ELb1EEEE9_S_equalsEmRKNS_21_Hash_node_code_cacheILb1EEE
FNDA:16,_ZNKSt8__detail15_Hashtable_baseINSt7__cxx1112basic_stringIcSt11char_traitsIcESaIcEEESt4pairIKS6_mENS_10_Select1stESt8equal_toIS6_ESt4hashIS6_ENS_18_Mod_range_hashingENS_20_Default_ranged_hashENS_17_Hashtable_traitsILb1ELb0ELb1EEEE13_M_key_equalsERS8_RKNS_16_Hash_node_valueIS9_Lb1EEE
FNDA:0,_ZNKSt8__detail15_Hashtable_baseINSt7__cxx1112basic_stringIcSt11char_traitsIcESaIcEEESt4pairIKS6_mENS_10_Select1stESt8equal_toIS6_ESt4hashIS6_ENS_18_Mod_range_hashingENS_20_Default_ranged_hashENS_17_Hashtable_traitsILb1ELb0ELb1EEEE9_M_equalsERS8_mRKNS_16_Hash_node_valueIS9_Lb1EEE
FNDA:16,_ZNKSt8__detail15_Hashtable_baseINSt7__cxx1112basic_stringIcSt11char_traitsIcESaIcEEESt4pairIKS6_mENS_10_Select1stESt8equal_toIS6_ESt4hashIS6_ENS_18_Mod_range_hashingENS_20_Default_ranged_hashENS_17_Hashtable_traitsILb1ELb0ELb1EEEE5_M_eqEv
FNDA:18,_ZNSt8__detail16_Hashtable_allocISaINS_10_Hash_nodeISt4pairIKNSt7__cxx1112basic_stringIcSt11char_traitsIcESaIcEEEmELb1EEEEE17_M_node_allocatorEv
FNDA:4,_ZNSt8__detail16_Hashtable_allocISaINS_10_Hash_nodeISt4pairIKNSt7__cxx1112basic_stringIcSt11char_traitsIcESaIcEEEmELb1EEEEE16_M_allocate_nodeIJS8_mEEEPSB_DpOT_
FNDA:4,_ZNSt8__detail16_Hashtable_allocISaINS_10_Hash_nodeISt4pairIKNSt7__cxx1112basic_stringIcSt11char_traitsIcESaIcEEEmELb1EEEEE18_M_deallocate_nodeEPSB_
FNDA:4,_ZNSt8__detail16_Hashtable_allocISaINS_10_Hash_nodeISt4pairIKNSt7__cxx1112basic_stringIcSt11char_traitsIcESaIcEEEmELb1EEEEE22_M_deallocate_node_ptrEPSB_
FNDA:1,_ZNSt8__detail16_Hashtable_allocISaINS_10_Hash_nodeISt4pairIKNSt7__cxx1112basic_stringIcSt11char_traitsIcESaIcEEEmELb1EEEEE19_M_allocate_bucketsEm
FNDA:1,_ZNSt8__detail16_Hashtable_allocISaINS_10_Hash_nodeISt4pairIKNSt7__cxx1112basic_stringIcSt11char_traitsIcESaIcEEEmELb1EEEEE21_M_deallocate_bucketsEPPNS_15_Hash_node_baseEm
FNDA:94,_ZNSt8__detail22_Hashtable_hash_traitsISt4hashINSt7__cxx1112basic_stringIcSt11char_traitsIcESaIcEEEEE22__small_size_thresholdEv
FNDA:21,_ZNSt8__detail15_Hash_node_baseC2Ev
FNDA:19,_ZNKSt8__detail10_Hash_nodeISt4pairIKNSt7__cxx1112basic_stringIcSt11char_traitsIcESaIcEEEmELb1EE7_M_nextEv
FNDA:52,_ZNSt8__detail19_Node_iterator_baseISt4pairIKNSt7__cxx1112basic_stringIcSt11char_traitsIcESaIcEEEmELb1EEC2EPNS_10_Hash_nodeIS9_Lb1EEE
FNDA:12,_ZNSt8__detail19_Node_iterator_baseISt4pairIKNSt7__cxx1112basic_stringIcSt11char_traitsIcESaIcEEEmELb1EE7_M_incrEv
FNDA:32,_ZNSt8__detailneERKNS_19_Node_iterator_baseISt4pairIKNSt7__cxx1112basic_stringIcSt11char_traitsIcESaIcEEEmELb1EEESC_
FNDA:52,_ZNSt8__detail14_Node_iteratorISt4pairIKNSt7__cxx1112basic_stringIcSt11char_traitsIcESaIcEEEmELb0ELb1EEC2EPNS_10_Hash_nodeIS9_Lb1EEE
FNDA:4,_ZNKSt8__detail14_Node_iteratorISt4pairIKNSt7__cxx1112basic_stringIcSt11char_traitsIcESaIcEEEmELb0ELb1EEptEv
FNDA:12,_ZNSt8__detail14_Node_iteratorISt4pairIKNSt7__cxx1112basic_stringIcSt11char_traitsIcESaIcEEEmELb0ELb1EEppEv
FNDA:16,_ZNKSt8__detail18_Mod_range_hashingclEmm
FNDA:8,_ZNKSt8__detail20_Prime_rehash_policy8_M_stateEv
FNDA:0,_ZNSt8__detail20_Prime_rehash_policy8_M_resetEm
FNF:32
FNH:29
DA:112,20
DA:113,20
DA:297,94
DA:298,94
DA:313,21
DA:333,16
DA:338,16
DA:343,4
DA:348,16
DA:380,19
DA:381,19
DA:393,52
DA:394,52
DA:397,12
DA:398,12
DA:407,32
DA:409,32
DA:436,52
DA:437,52
DA:444,4
DA:445,8
DA:448,12
DA:450,12
DA:451,12
DA:526,16
DA:528,16
DA:571,8
DA:572,8
DA:579,0
DA:580,0
DA:1225,36
DA:1226,18
DA:1306,4
DA:1310,4
DA:1331,5
DA:1332,5
DA:1346,3
DA:1350,3
DA:1362,4
DA:1363,4
DA:1375,4
DA:1692,0
DA:1693,0
DA:1708,16
DA:1715,32
DA:1732,0
DA:1734,0
DA:1760,16
DA:1950,18
DA:1951,18
DA:1987,4
DA:1990,4
DA:1991,4
DA:1994,4
DA:1995,8
DA:1998,4
DA:2000,0
DA:2002,0
DA:2003,0
DA:2009,4
DA:2011,8
DA:2012,4
DA:2013,4
DA:2017,4
DA:2020,4
DA:2021,4
DA:2022,4
DA:2023,4
DA:2039,1
DA:2042,1
DA:2044,1
DA:2045,1
DA:2046,1
DA:2047,2
DA:2052,1
DA:2057,1
DA:2058,1
DA:2060,1
LF:78
LH:69
end_of_record
TN:
SF:/usr/include/c++/13/bits/invoke.h
FN:104,117,_ZSt10__invoke_rIbRN7testing10OnceActionIFbiEE18StdFunctionAdaptorINS3_23IgnoreIncomingArgumentsINS0_8internal12ReturnActionIbE4ImplIbEEEEEEJiEENSt9enable_ifIX16is_invocable_r_vIT_T0_DpT1_EESF_E4typeEOSG_DpOSH_
FN:104,117,_ZSt10__invoke_rIbRN7testing8internal12ReturnActionIbE4ImplIbEEJEENSt9enable_ifIX16is_invocable_r_vIT_T0_DpT1_EES8_E4typeEOS9_DpOSA_
FN:104,117,_ZSt10__invoke_rIbRN7testing8internal16TypedExpectationIFbiEE13ActionAdaptorEJiEENSt9enable_ifIX16is_invocable_r_vIT_T0_DpT1_EES8_E4typeEOS9_DpOSA_
FN:104,117,_ZSt10__invoke_rIiRN7testing6ActionIFiiEE10IgnoreArgsINS0_8internal12ReturnActionIiE4ImplIiEEEEJiEENSt9enable_ifIX16is_invocable_r_vIT_T0_DpT1_EESD_E4typeEOSE_DpOSF_
FN:104,117,_ZSt10__invoke_rIiRN7testing8internal12ReturnActionIiE4ImplIiEEJEENSt9enable_ifIX16is_invocable_r_vIT_T0_DpT1_EES8_E4typeEOS9_DpOSA_
FN:60,61,_ZSt13__invoke_implIbRN7testing10OnceActionIFbiEE18StdFunctionAdaptorINS3_23IgnoreIncomingArgumentsINS0_8internal12ReturnActionIbE4ImplIbEEEEEEJiEET_St14__invoke_otherOT0_DpOT1_
FN:60,61,_ZSt13__invoke_implIbRN7testing8internal12ReturnActionIbE4ImplIbEEJEET_St14__invoke_otherOT0_DpOT1_
FN:60,61,_ZSt13__invoke_implIbRN7testing8internal16TypedExpectationIFbiEE13ActionAdaptorEJiEET_St14__invoke_otherOT0_DpOT1_
FN:60,61,_ZSt13__invoke_implIiRN7testing6ActionIFiiEE10IgnoreArgsINS0_8internal12ReturnActionIiE4ImplIiEEEEJiEET_St14__invoke_otherOT0_DpOT1_
FN:60,61,_ZSt13__invoke_implIiRN7testing8internal12ReturnActionIiE4ImplIiEEJEET_St14__invoke_otherOT0_DpOT1_
FNDA:2,_ZSt10__invoke_rIbRN7testing10OnceActionIFbiEE18StdFunctionAdaptorINS3_23IgnoreIncomingArgumentsINS0_8internal12ReturnActionIbE4ImplIbEEEEEEJiEENSt9enable_ifIX16is_invocable_r_vIT_T0_DpT1_EESF_E4typeEOSG_DpOSH_
FNDA:6,_ZSt10__invoke_rIbRN7testing8internal12ReturnActionIbE4ImplIbEEJEENSt9enable_ifIX16is_invocable_r_vIT_T0_DpT1_EES8_E4typeEOS9_DpOSA_
FNDA:2,_ZSt10__invoke_rIbRN7testing8internal16TypedExpectationIFbiEE13ActionAdaptorEJiEENSt9enable_ifIX16is_invocable_r_vIT_T0_DpT1_EES8_E4typeEOS9_DpOSA_
FNDA:1,_ZSt10__invoke_rIiRN7testing6ActionIFiiEE10IgnoreArgsINS0_8internal12ReturnActionIiE4ImplIiEEEEJiEENSt9enable_ifIX16is_invocable_r_vIT_T0_DpT1_EESD_E4typeEOSE_DpOSF_
FNDA:8,_ZSt10__invoke_rIiRN7testing8internal12ReturnActionIiE4ImplIiEEJEENSt9enable_ifIX16is_invocable_r_vIT_T0_DpT1_EES8_E4typeEOS9_DpOSA_
FNDA:2,_ZSt13__invoke_implIbRN7testing10OnceActionIFbiEE18StdFunctionAdaptorINS3_23IgnoreIncomingArgumentsINS0_8internal12ReturnActionIbE4ImplIbEEEEEEJiEET_St14__invoke_otherOT0_DpOT1_
FNDA:6,_ZSt13__invoke_implIbRN7testing8internal12ReturnActionIbE4ImplIbEEJEET_St14__invoke_otherOT0_DpOT1_
FNDA:2,_ZSt13__invoke_implIbRN7testing8internal16TypedExpectationIFbiEE13ActionAdaptorEJiEET_St14__invoke_otherOT0_DpOT1_
FNDA:1,_ZSt13__invoke_implIiRN7testing6ActionIFiiEE10IgnoreArgsINS0_8internal12ReturnActionIiE4ImplIiEEEEJiEET_St14__invoke_otherOT0_DpOT1_
FNDA:8,_ZSt13__invoke_implIiRN7testing8internal12ReturnActionIiE4ImplIiEEJEET_St14__invoke_otherOT0_DpOT1_
FNF:10
FNH:10
DA:60,19
DA:61,19
DA:104,19
DA:114,19
DA:116,19
LF:5
LH:5
end_of_record
TN:
SF:/usr/include/c++/13/bits/ios_base.h
FN:689,694,_ZNSt8ios_base4setfESt13_Ios_Fmtflags
FN:87,88,_ZStorSt13_Ios_FmtflagsS_
FN:921,925,_ZSt9boolalphaRSt8ios_base
FN:99,100,_ZStoRRSt13_Ios_FmtflagsS_
FNDA:4,_ZNSt8ios_base4setfESt13_Ios_Fmtflags
FNDA:4,_ZStorSt13_Ios_FmtflagsS_
FNDA:4,_ZSt9boolalphaRSt8ios_base
FNDA:4,_ZStoRRSt13_Ios_FmtflagsS_
FNF:4
FNH:4
DA:87,4
DA:88,4
DA:99,4
DA:100,4
DA:689,4
DA:691,4
DA:692,4
DA:693,4
DA:921,4
DA:923,4
DA:924,4
LF:11
LH:11
end_of_record
TN:
SF:/usr/include/c++/13/bits/move.h
FN:138,139,_ZSt9addressofIK21SystemAlarmConditionsEPT_RS2_
FN:138,139,_ZSt9addressofIK22ThermalRaderConditionsEPT_RS2_
FN:138,139,_ZSt9addressofIK25HardwareMonitorConditionsEPT_RS2_
FN:138,139,_ZSt9addressofINSt8__detail10_Hash_nodeISt4pairIKNSt7__cxx1112basic_stringIcSt11char_traitsIcESaIcEEEmELb1EEEEPT_RSC_
FN:138,139,_ZSt9addressofIPNSt8__detail15_Hash_node_baseEEPT_RS3_
FN:189,200,_ZSt4swapIPFbRKSt9_Any_dataEENSt9enable_ifIXsrSt6__and_IJSt6__not_ISt15__is_tuple_likeIT_EESt21is_move_constructibleIS9_ESt18is_move_assignableIS9_EEE5valueEvE4typeERS9_SJ_
FN:189,200,_ZSt4swapIPFbRKSt9_Any_dataOiEENSt9enable_ifIXsrSt6__and_IJSt6__not_ISt15__is_tuple_likeIT_EESt21is_move_constructibleISA_ESt18is_move_assignableISA_EEE5valueEvE4typeERSA_SK_
FN:189,200,_ZSt4swapIPFbRSt9_Any_dataRKS0_St18_Manager_operationEENSt9enable_ifIXsrSt6__and_IJSt6__not_ISt15__is_tuple_likeIT_EESt21is_move_constructibleISB_ESt18is_move_assignableISB_EEE5valueEvE4typeERSB_SL_
FN:189,200,_ZSt4swapIPFiRKSt9_Any_dataEENSt9enable_ifIXsrSt6__and_IJSt6__not_ISt15__is_tuple_likeIT_EESt21is_move_constructibleIS9_ESt18is_move_assignableIS9_EEE5valueEvE4typeERS9_SJ_
FN:189,200,_ZSt4swapIPFiRKSt9_Any_dataOiEENSt9enable_ifIXsrSt6__and_IJSt6__not_ISt15__is_tuple_likeIT_EESt21is_move_constructibleISA_ESt18is_move_assignableISA_EEE5valueEvE4typeERSA_SK_
FN:189,200,_ZSt4swapISt9_Any_dataENSt9enable_ifIXsrSt6__and_IJSt6__not_ISt15__is_tuple_likeIT_EESt21is_move_constructibleIS5_ESt18is_move_assignableIS5_EEE5valueEvE4typeERS5_SF_
FN:51,52,_ZSt11__addressofI21SystemAlarmConditionsEPT_RS1_
FN:51,52,_ZSt11__addressofI25HardwareMonitorConditionsEPT_RS1_
FN:51,52,_ZSt11__addressofIK21SystemAlarmConditionsEPT_RS2_
FN:51,52,_ZSt11__addressofIK22ThermalRaderConditionsEPT_RS2_
FN:51,52,_ZSt11__addressofIK25HardwareMonitorConditionsEPT_RS2_
FN:51,52,_ZSt11__addressofIN7testing8internal26ParameterizedTestSuiteInfoI14FixtureCodingsE17InstantiationInfoEEPT_RS6_
FN:51,52,_ZSt11__addressofIN7testing8internal26ParameterizedTestSuiteInfoI22FixtureHardwareMonitorE17InstantiationInfoEEPT_RS6_
FN:51,52,_ZSt11__addressofIN7testing8internal26ParameterizedTestSuiteInfoI25FixtureClassThermalReaderE17InstantiationInfoEEPT_RS6_
FN:51,52,_ZSt11__addressofIN7testing8internal26ParameterizedTestSuiteInfoI25FixtureSystemAlarmHandlerE17InstantiationInfoEEPT_RS6_
FN:51,52,_ZSt11__addressofINSt8__detail10_Hash_nodeISt4pairIKNSt7__cxx1112basic_stringIcSt11char_traitsIcESaIcEEEmELb1EEEEPT_RSC_
FN:51,52,_ZSt11__addressofIPNSt8__detail15_Hash_node_baseEEPT_RS3_
FN:51,52,_ZSt11__addressofISaISt23_Sp_counted_ptr_inplaceIN7testing10OnceActionIFbiEE23IgnoreIncomingArgumentsINS1_8internal12ReturnActionIbE4ImplIbEEEESaIvELN9__gnu_cxx12_Lock_policyE2EEEEPT_RSH_
FN:51,52,_ZSt11__addressofISaISt23_Sp_counted_ptr_inplaceIN7testing10OnceActionIFbiEEESaIvELN9__gnu_cxx12_Lock_policyE2EEEEPT_RSA_
FN:51,52,_ZSt11__addressofISt10shared_ptrIN7testing8internal15ExpectationBaseEEEPT_RS5_
FN:51,52,_ZSt11__addressofISt10shared_ptrIN7testing8internal26ParameterizedTestSuiteInfoI14FixtureCodingsE8TestInfoEEEPT_RS8_
FN:51,52,_ZSt11__addressofISt10shared_ptrIN7testing8internal26ParameterizedTestSuiteInfoI22FixtureHardwareMonitorE8TestInfoEEEPT_RS8_
FN:51,52,_ZSt11__addressofISt10shared_ptrIN7testing8internal26ParameterizedTestSuiteInfoI25FixtureClassThermalReaderE8TestInfoEEEPT_RS8_
FN:51,52,_ZSt11__addressofISt10shared_ptrIN7testing8internal26ParameterizedTestSuiteInfoI25FixtureSystemAlarmHandlerE8TestInfoEEEPT_RS8_
FN:70,71,_ZSt7forwardIN7testing10OnceActionIFbiEE18StdFunctionAdaptorINS3_23IgnoreIncomingArgumentsINS0_8internal12ReturnActionIbE4ImplIbEEEEEEEOT_RNSt16remove_referenceISD_E4typeE
FN:70,71,_ZSt7forwardIN7testing10OnceActionIFbiEE23IgnoreIncomingArgumentsINS0_8internal12ReturnActionIbE4ImplIbEEEEEOT_RNSt16remove_referenceISB_E4typeE
FN:70,71,_ZSt7forwardIN7testing10OnceActionIFbiEEEEOT_RNSt16remove_referenceIS4_E4typeE
FN:70,71,_ZSt7forwardIN7testing6ActionIFiiEE10IgnoreArgsINS0_8internal12ReturnActionIiE4ImplIiEEEEEOT_RNSt16remove_referenceISB_E4typeE
FN:70,71,_ZSt7forwardIN7testing7MatcherIiEEEOT_RNSt16remove_referenceIS3_E4typeE
FN:70,71,_ZSt7forwardIN7testing8internal12ReturnActionIbE4ImplIbEEEOT_RNSt16remove_referenceIS6_E4typeE
FN:70,71,_ZSt7forwardIN7testing8internal12ReturnActionIiE4ImplIiEEEOT_RNSt16remove_referenceIS6_E4typeE
FN:70,71,_ZSt7forwardIN7testing8internal14ParamGeneratorI17CodingsConditionsEEEOT_RNSt16remove_referenceIS5_E4typeE
FN:70,71,_ZSt7forwardIN7testing8internal14ParamGeneratorI21SystemAlarmConditionsEEEOT_RNSt16remove_referenceIS5_E4typeE
FN:70,71,_ZSt7forwardIN7testing8internal14ParamGeneratorI22ThermalRaderConditionsEEEOT_RNSt16remove_referenceIS5_E4typeE
FN:70,71,_ZSt7forwardIN7testing8internal14ParamGeneratorI25HardwareMonitorConditionsEEEOT_RNSt16remove_referenceIS5_E4typeE
FN:70,71,_ZSt7forwardIN7testing8internal16TypedExpectationIFbiEE13ActionAdaptorEEOT_RNSt16remove_referenceIS6_E4typeE
FN:70,71,_ZSt7forwardIN7testing8internal26ParameterizedTestSuiteInfoI14FixtureCodingsE17InstantiationInfoEEOT_RNSt16remove_referenceIS6_E4typeE
FN:70,71,_ZSt7forwardIN7testing8internal26ParameterizedTestSuiteInfoI22FixtureHardwareMonitorE17InstantiationInfoEEOT_RNSt16remove_referenceIS6_E4typeE
FN:70,71,_ZSt7forwardIN7testing8internal26ParameterizedTestSuiteInfoI25FixtureClassThermalReaderE17InstantiationInfoEEOT_RNSt16remove_referenceIS6_E4typeE
FN:70,71,_ZSt7forwardIN7testing8internal26ParameterizedTestSuiteInfoI25FixtureSystemAlarmHandlerE17InstantiationInfoEEOT_RNSt16remove_referenceIS6_E4typeE
FN:70,71,_ZSt7forwardIN7testing8internal9EqMatcherIiEEEOT_RNSt16remove_referenceIS4_E4typeE
FN:70,71,_ZSt7forwardINSt7__cxx1112basic_stringIcSt11char_traitsIcESaIcEEEEOT_RNSt16remove_referenceIS6_E4typeE
FN:70,71,_ZSt7forwardINSt8__detail14_Node_iteratorISt4pairIKNSt7__cxx1112basic_stringIcSt11char_traitsIcESaIcEEEmELb0ELb1EEEEOT_RNSt16remove_referenceISC_E4typeE
FN:70,71,_ZSt7forwardIPKN7testing8internal11MatcherBaseIRKSt5tupleIJEEEEEOT_RNSt16remove_referenceISA_E4typeE
FN:70,71,_ZSt7forwardIPKN7testing8internal11MatcherBaseIRKSt5tupleIJiEEEEEOT_RNSt16remove_referenceISA_E4typeE
FN:70,71,_ZSt7forwardIPKN7testing8internal11MatcherBaseIiEEEOT_RNSt16remove_referenceIS6_E4typeE
FN:70,71,_ZSt7forwardIPKN7testing8internal15AnythingMatcherEEOT_RNSt16remove_referenceIS5_E4typeE
FN:70,71,_ZSt7forwardIPKN7testing8internal9EqMatcherIiEEEOT_RNSt16remove_referenceIS6_E4typeE
FN:70,71,_ZSt7forwardIPKvEOT_RNSt16remove_referenceIS2_E4typeE
FN:70,71,_ZSt7forwardIPN7testing8internal26ParameterizedTestSuiteInfoI14FixtureCodingsE8TestInfoEEOT_RNSt16remove_referenceIS7_E4typeE
FN:70,71,_ZSt7forwardIPN7testing8internal26ParameterizedTestSuiteInfoI22FixtureHardwareMonitorE8TestInfoEEOT_RNSt16remove_referenceIS7_E4typeE
FN:70,71,_ZSt7forwardIPN7testing8internal26ParameterizedTestSuiteInfoI25FixtureClassThermalReaderE8TestInfoEEOT_RNSt16remove_referenceIS7_E4typeE
FN:70,71,_ZSt7forwardIPN7testing8internal26ParameterizedTestSuiteInfoI25FixtureSystemAlarmHandlerE8TestInfoEEOT_RNSt16remove_referenceIS7_E4typeE
FN:70,71,_ZSt7forwardIPN7testing8internal30ParameterizedTestSuiteInfoBaseEEOT_RNSt16remove_referenceIS4_E4typeE
FN:70,71,_ZSt7forwardIRK21SystemAlarmConditionsEOT_RNSt16remove_referenceIS3_E4typeE
FN:70,71,_ZSt7forwardIRK25HardwareMonitorConditionsEOT_RNSt16remove_referenceIS3_E4typeE
FN:70,71,_ZSt7forwardIRKN7testing10OnceActionIFbiEE18StdFunctionAdaptorINS3_23IgnoreIncomingArgumentsINS0_8internal12ReturnActionIbE4ImplIbEEEEEEEOT_RNSt16remove_referenceISF_E4typeE
FN:70,71,_ZSt7forwardIRKN7testing6ActionIFiiEE10IgnoreArgsINS0_8internal12ReturnActionIiE4ImplIiEEEEEOT_RNSt16remove_referenceISD_E4typeE
FN:70,71,_ZSt7forwardIRKN7testing8internal12ReturnActionIbE4ImplIbEEEOT_RNSt16remove_referenceIS8_E4typeE
FN:70,71,_ZSt7forwardIRKN7testing8internal12ReturnActionIiE4ImplIiEEEOT_RNSt16remove_referenceIS8_E4typeE
FN:70,71,_ZSt7forwardIRKN7testing8internal15AnythingMatcherEEOT_RNSt16remove_referenceIS5_E4typeE
FN:70,71,_ZSt7forwardIRKN7testing8internal16TypedExpectationIFbiEE13ActionAdaptorEEOT_RNSt16remove_referenceIS8_E4typeE
FN:70,71,_ZSt7forwardIRKSt10shared_ptrIN7testing8internal15ExpectationBaseEEEOT_RNSt16remove_referenceIS7_E4typeE
FN:70,71,_ZSt7forwardIRKSt4pairIKNSt7__cxx1112basic_stringIcSt11char_traitsIcESaIcEEEmEEOT_RNSt16remove_referenceISB_E4typeE
FN:70,71,_ZSt7forwardIRKSt8functionIFbiEEEOT_RNSt16remove_referenceIS5_E4typeE
FN:70,71,_ZSt7forwardIRKSt8functionIFbvEEEOT_RNSt16remove_referenceIS5_E4typeE
FN:70,71,_ZSt7forwardIRKSt8functionIFiiEEEOT_RNSt16remove_referenceIS5_E4typeE
FN:70,71,_ZSt7forwardIRKSt8functionIFivEEEOT_RNSt16remove_referenceIS5_E4typeE
FN:70,71,_ZSt7forwardIRKSt8functionIFvvEEEOT_RNSt16remove_referenceIS5_E4typeE
FN:70,71,_ZSt7forwardIRKiEOT_RNSt16remove_referenceIS2_E4typeE
FN:70,71,_ZSt7forwardIRN7testing10OnceActionIFbiEE18StdFunctionAdaptorINS3_23IgnoreIncomingArgumentsINS0_8internal12ReturnActionIbE4ImplIbEEEEEEEOT_RNSt16remove_referenceISE_E4typeE
FN:70,71,_ZSt7forwardIRN7testing6ActionIFiiEE10IgnoreArgsINS0_8internal12ReturnActionIiE4ImplIiEEEEEOT_RNSt16remove_referenceISC_E4typeE
FN:70,71,_ZSt7forwardIRN7testing8NiceMockI10MockFilterEEEOT_RNSt16remove_referenceIS5_E4typeE
FN:70,71,_ZSt7forwardIRN7testing8NiceMockI17MockRawTempFacadeEEEOT_RNSt16remove_referenceIS5_E4typeE
FN:70,71,_ZSt7forwardIRN7testing8internal12ReturnActionIbE4ImplIbEEEOT_RNSt16remove_referenceIS7_E4typeE
FN:70,71,_ZSt7forwardIRN7testing8internal12ReturnActionIiE4ImplIiEEEOT_RNSt16remove_referenceIS7_E4typeE
FN:70,71,_ZSt7forwardIRN7testing8internal16TypedExpectationIFbiEE13ActionAdaptorEEOT_RNSt16remove_referenceIS7_E4typeE
FN:70,71,_ZSt7forwardIRNSt8__detail14_Node_iteratorISt4pairIKNSt7__cxx1112basic_stringIcSt11char_traitsIcESaIcEEEmELb0ELb1EEEEOT_RNSt16remove_referenceISD_E4typeE
FN:70,71,_ZSt7forwardIRPFN7testing8internal14ParamGeneratorI17CodingsConditionsEEvEEOT_RNSt16remove_referenceIS8_E4typeE
FN:70,71,_ZSt7forwardIRPFN7testing8internal14ParamGeneratorI21SystemAlarmConditionsEEvEEOT_RNSt16remove_referenceIS8_E4typeE
FN:70,71,_ZSt7forwardIRPFN7testing8internal14ParamGeneratorI22ThermalRaderConditionsEEvEEOT_RNSt16remove_referenceIS8_E4typeE
FN:70,71,_ZSt7forwardIRPFN7testing8internal14ParamGeneratorI25HardwareMonitorConditionsEEvEEOT_RNSt16remove_referenceIS8_E4typeE
FN:70,71,_ZSt7forwardIRPFNSt7__cxx1112basic_stringIcSt11char_traitsIcESaIcEEERKN7testing13TestParamInfoI17CodingsConditionsEEEEOT_RNSt16remove_referenceISF_E4typeE
FN:70,71,_ZSt7forwardIRPFNSt7__cxx1112basic_stringIcSt11char_traitsIcESaIcEEERKN7testing13TestParamInfoI21SystemAlarmConditionsEEEEOT_RNSt16remove_referenceISF_E4typeE
FN:70,71,_ZSt7forwardIRPFNSt7__cxx1112basic_stringIcSt11char_traitsIcESaIcEEERKN7testing13TestParamInfoI22ThermalRaderConditionsEEEEOT_RNSt16remove_referenceISF_E4typeE
FN:70,71,_ZSt7forwardIRPFNSt7__cxx1112basic_stringIcSt11char_traitsIcESaIcEEERKN7testing13TestParamInfoI25HardwareMonitorConditionsEEEEOT_RNSt16remove_referenceISF_E4typeE
FN:70,71,_ZSt7forwardIRPKcEOT_RNSt16remove_referenceIS3_E4typeE
FN:70,71,_ZSt7forwardIRPSt13_Rb_tree_nodeINSt7__cxx1112basic_stringIcSt11char_traitsIcESaIcEEEEEOT_RNSt16remove_referenceISA_E4typeE
FN:70,71,_ZSt7forwardIRPSt18_Rb_tree_node_baseEOT_RNSt16remove_referenceIS3_E4typeE
FN:70,71,_ZSt7forwardIRSt17_Rb_tree_iteratorINSt7__cxx1112basic_stringIcSt11char_traitsIcESaIcEEEEEOT_RNSt16remove_referenceIS9_E4typeE
FN:70,71,_ZSt7forwardIRSt4pairIKNSt7__cxx1112basic_stringIcSt11char_traitsIcESaIcEEEmEEOT_RNSt16remove_referenceISA_E4typeE
FN:70,71,_ZSt7forwardIRbEOT_RNSt16remove_referenceIS1_E4typeE
FN:70,71,_ZSt7forwardIRiEOT_RNSt16remove_referenceIS1_E4typeE
FN:70,71,_ZSt7forwardISt10shared_ptrIN7testing8internal15ExpectationBaseEEEOT_RNSt16remove_referenceIS5_E4typeE
FN:70,71,_ZSt7forwardISt10shared_ptrIN7testing8internal26ParameterizedTestSuiteInfoI14FixtureCodingsE8TestInfoEEEOT_RNSt16remove_referenceIS8_E4typeE
FN:70,71,_ZSt7forwardISt10shared_ptrIN7testing8internal26ParameterizedTestSuiteInfoI22FixtureHardwareMonitorE8TestInfoEEEOT_RNSt16remove_referenceIS8_E4typeE
FN:70,71,_ZSt7forwardISt10shared_ptrIN7testing8internal26ParameterizedTestSuiteInfoI25FixtureClassThermalReaderE8TestInfoEEEOT_RNSt16remove_referenceIS8_E4typeE
FN:70,71,_ZSt7forwardISt10shared_ptrIN7testing8internal26ParameterizedTestSuiteInfoI25FixtureSystemAlarmHandlerE8TestInfoEEEOT_RNSt16remove_referenceIS8_E4typeE
FN:70,71,_ZSt7forwardISt17_Rb_tree_iteratorINSt7__cxx1112basic_stringIcSt11char_traitsIcESaIcEEEEEOT_RNSt16remove_referenceIS8_E4typeE
FN:70,71,_ZSt7forwardISt5tupleIJEEEOT_RNSt16remove_referenceIS2_E4typeE
FN:70,71,_ZSt7forwardISt5tupleIJiEEEOT_RNSt16remove_referenceIS2_E4typeE
FN:70,71,_ZSt7forwardIbEOT_RNSt16remove_referenceIS0_E4typeE
FN:70,71,_ZSt7forwardIiEOT_RNSt16remove_referenceIS0_E4typeE
FN:70,71,_ZSt7forwardImEOT_RNSt16remove_referenceIS0_E4typeE
FN:97,98,_ZSt4moveIRN7testing10OnceActionIFbiEE23IgnoreIncomingArgumentsINS0_8internal12ReturnActionIbE4ImplIbEEEEEONSt16remove_referenceIT_E4typeEOSD_
FN:97,98,_ZSt4moveIRN7testing10OnceActionIFbiEEEEONSt16remove_referenceIT_E4typeEOS6_
FN:97,98,_ZSt4moveIRN7testing6ActionIFbiEEEEONSt16remove_referenceIT_E4typeEOS6_
FN:97,98,_ZSt4moveIRN7testing7MatcherIiEEEONSt16remove_referenceIT_E4typeEOS5_
FN:97,98,_ZSt4moveIRN7testing8internal12CodeLocationEEONSt16remove_referenceIT_E4typeEOS5_
FN:97,98,_ZSt4moveIRN7testing8internal12ReturnActionIbE4ImplIbEEEONSt16remove_referenceIT_E4typeEOS8_
FN:97,98,_ZSt4moveIRN7testing8internal26ParameterizedTestSuiteInfoI14FixtureCodingsE17InstantiationInfoEEONSt16remove_referenceIT_E4typeEOS8_
FN:97,98,_ZSt4moveIRN7testing8internal26ParameterizedTestSuiteInfoI22FixtureHardwareMonitorE17InstantiationInfoEEONSt16remove_referenceIT_E4typeEOS8_
FN:97,98,_ZSt4moveIRN7testing8internal26ParameterizedTestSuiteInfoI25FixtureClassThermalReaderE17InstantiationInfoEEONSt16remove_referenceIT_E4typeEOS8_
FN:97,98,_ZSt4moveIRN7testing8internal26ParameterizedTestSuiteInfoI25FixtureSystemAlarmHandlerE17InstantiationInfoEEONSt16remove_referenceIT_E4typeEOS8_
FN:97,98,_ZSt4moveIRNSt7__cxx1112basic_stringIcSt11char_traitsIcESaIcEEEEONSt16remove_referenceIT_E4typeEOS8_
FN:97,98,_ZSt4moveIRPFbRKSt9_Any_dataEEONSt16remove_referenceIT_E4typeEOS7_
FN:97,98,_ZSt4moveIRPFbRKSt9_Any_dataOiEEONSt16remove_referenceIT_E4typeEOS8_
FN:97,98,_ZSt4moveIRPFbRSt9_Any_dataRKS0_St18_Manager_operationEEONSt16remove_referenceIT_E4typeEOS9_
FN:97,98,_ZSt4moveIRPFiRKSt9_Any_dataEEONSt16remove_referenceIT_E4typeEOS7_
FN:97,98,_ZSt4moveIRPFiRKSt9_Any_dataOiEEONSt16remove_referenceIT_E4typeEOS8_
FN:97,98,_ZSt4moveIRPK17CodingsConditionsEONSt16remove_referenceIT_E4typeEOS5_
FN:97,98,_ZSt4moveIRPK21SystemAlarmConditionsEONSt16remove_referenceIT_E4typeEOS5_
FN:97,98,_ZSt4moveIRPK22ThermalRaderConditionsEONSt16remove_referenceIT_E4typeEOS5_
FN:97,98,_ZSt4moveIRPK25HardwareMonitorConditionsEONSt16remove_referenceIT_E4typeEOS5_
FN:97,98,_ZSt4moveIRPKvEONSt16remove_referenceIT_E4typeEOS4_
FN:97,98,_ZSt4moveIRPN7testing8internal19TestMetaFactoryBaseI17CodingsConditionsEEEONSt16remove_referenceIT_E4typeEOS8_
FN:97,98,_ZSt4moveIRPN7testing8internal19TestMetaFactoryBaseI21SystemAlarmConditionsEEEONSt16remove_referenceIT_E4typeEOS8_
FN:97,98,_ZSt4moveIRPN7testing8internal19TestMetaFactoryBaseI22ThermalRaderConditionsEEEONSt16remove_referenceIT_E4typeEOS8_
FN:97,98,_ZSt4moveIRPN7testing8internal19TestMetaFactoryBaseI25HardwareMonitorConditionsEEEONSt16remove_referenceIT_E4typeEOS8_
FN:97,98,_ZSt4moveIRPN7testing8internal22ParamIteratorInterfaceI17CodingsConditionsEEEONSt16remove_referenceIT_E4typeEOS8_
FN:97,98,_ZSt4moveIRPN7testing8internal22ParamIteratorInterfaceI21SystemAlarmConditionsEEEONSt16remove_referenceIT_E4typeEOS8_
FN:97,98,_ZSt4moveIRPN7testing8internal22ParamIteratorInterfaceI22ThermalRaderConditionsEEEONSt16remove_referenceIT_E4typeEOS8_
FN:97,98,_ZSt4moveIRPN7testing8internal22ParamIteratorInterfaceI25HardwareMonitorConditionsEEEONSt16remove_referenceIT_E4typeEOS8_
FN:97,98,_ZSt4moveIRPN7testing8internal30ParameterizedTestSuiteInfoBaseEEONSt16remove_referenceIT_E4typeEOS6_
FN:97,98,_ZSt4moveIRPNSt7__cxx1112basic_stringIcSt11char_traitsIcESaIcEEEEONSt16remove_referenceIT_E4typeEOS9_
FN:97,98,_ZSt4moveIRPNSt7__cxx1118basic_stringstreamIcSt11char_traitsIcESaIcEEEEONSt16remove_referenceIT_E4typeEOS9_
FN:97,98,_ZSt4moveIRSaIcEEONSt16remove_referenceIT_E4typeEOS3_
FN:97,98,_ZSt4moveIRSt10shared_ptrIN7testing10OnceActionIFbiEE23IgnoreIncomingArgumentsINS1_8internal12ReturnActionIbE4ImplIbEEEEEEONSt16remove_referenceIT_E4typeEOSF_
FN:97,98,_ZSt4moveIRSt10shared_ptrIN7testing10OnceActionIFbiEEEEEONSt16remove_referenceIT_E4typeEOS8_
FN:97,98,_ZSt4moveIRSt10shared_ptrIN7testing8internal15ExpectationBaseEEEONSt16remove_referenceIT_E4typeEOS7_
FN:97,98,_ZSt4moveIRSt10shared_ptrIN7testing8internal26ParameterizedTestSuiteInfoI14FixtureCodingsE8TestInfoEEEONSt16remove_referenceIT_E4typeEOSA_
FN:97,98,_ZSt4moveIRSt10shared_ptrIN7testing8internal26ParameterizedTestSuiteInfoI22FixtureHardwareMonitorE8TestInfoEEEONSt16remove_referenceIT_E4typeEOSA_
FN:97,98,_ZSt4moveIRSt10shared_ptrIN7testing8internal26ParameterizedTestSuiteInfoI25FixtureClassThermalReaderE8TestInfoEEEONSt16remove_referenceIT_E4typeEOSA_
FN:97,98,_ZSt4moveIRSt10shared_ptrIN7testing8internal26ParameterizedTestSuiteInfoI25FixtureSystemAlarmHandlerE8TestInfoEEEONSt16remove_referenceIT_E4typeEOSA_
FN:97,98,_ZSt4moveIRSt5tupleIJEEEONSt16remove_referenceIT_E4typeEOS4_
FN:97,98,_ZSt4moveIRSt5tupleIJiEEEONSt16remove_referenceIT_E4typeEOS4_
FN:97,98,_ZSt4moveIRSt9_Any_dataEONSt16remove_referenceIT_E4typeEOS3_
FN:97,98,_ZSt4moveIRbEONSt16remove_referenceIT_E4typeEOS2_
FN:97,98,_ZSt4moveIRiEONSt16remove_referenceIT_E4typeEOS2_
FNDA:2,_ZSt9addressofIK21SystemAlarmConditionsEPT_RS2_
FNDA:8,_ZSt9addressofIK22ThermalRaderConditionsEPT_RS2_
FNDA:1,_ZSt9addressofIK25HardwareMonitorConditionsEPT_RS2_
FNDA:4,_ZSt9addressofINSt8__detail10_Hash_nodeISt4pairIKNSt7__cxx1112basic_stringIcSt11char_traitsIcESaIcEEEmELb1EEEEPT_RSC_
FNDA:2,_ZSt9addressofIPNSt8__detail15_Hash_node_baseEEPT_RS3_
FNDA:12,_ZSt4swapIPFbRKSt9_Any_dataEENSt9enable_ifIXsrSt6__and_IJSt6__not_ISt15__is_tuple_likeIT_EESt21is_move_constructibleIS9_ESt18is_move_assignableIS9_EEE5valueEvE4typeERS9_SJ_
FNDA:2,_ZSt4swapIPFbRKSt9_Any_dataOiEENSt9enable_ifIXsrSt6__and_IJSt6__not_ISt15__is_tuple_likeIT_EESt21is_move_constructibleISA_ESt18is_move_assignableISA_EEE5valueEvE4typeERSA_SK_
FNDA:38,_ZSt4swapIPFbRSt9_Any_dataRKS0_St18_Manager_operationEENSt9enable_ifIXsrSt6__and_IJSt6__not_ISt15__is_tuple_likeIT_EESt21is_move_constructibleISB_ESt18is_move_assignableISB_EEE5valueEvE4typeERSB_SL_
FNDA:22,_ZSt4swapIPFiRKSt9_Any_dataEENSt9enable_ifIXsrSt6__and_IJSt6__not_ISt15__is_tuple_likeIT_EESt21is_move_constructibleIS9_ESt18is_move_assignableIS9_EEE5valueEvE4typeERS9_SJ_
FNDA:2,_ZSt4swapIPFiRKSt9_Any_dataOiEENSt9enable_ifIXsrSt6__and_IJSt6__not_ISt15__is_tuple_likeIT_EESt21is_move_constructibleISA_ESt18is_move_assignableISA_EEE5valueEvE4typeERSA_SK_
FNDA:38,_ZSt4swapISt9_Any_dataENSt9enable_ifIXsrSt6__and_IJSt6__not_ISt15__is_tuple_likeIT_EESt21is_move_constructibleIS5_ESt18is_move_assignableIS5_EEE5valueEvE4typeERS5_SF_
FNDA:4,_ZSt11__addressofI21SystemAlarmConditionsEPT_RS1_
FNDA:2,_ZSt11__addressofI25HardwareMonitorConditionsEPT_RS1_
FNDA:2,_ZSt11__addressofIK21SystemAlarmConditionsEPT_RS2_
FNDA:8,_ZSt11__addressofIK22ThermalRaderConditionsEPT_RS2_
FNDA:1,_ZSt11__addressofIK25HardwareMonitorConditionsEPT_RS2_
FNDA:1,_ZSt11__addressofIN7testing8internal26ParameterizedTestSuiteInfoI14FixtureCodingsE17InstantiationInfoEEPT_RS6_
FNDA:1,_ZSt11__addressofIN7testing8internal26ParameterizedTestSuiteInfoI22FixtureHardwareMonitorE17InstantiationInfoEEPT_RS6_
FNDA:1,_ZSt11__addressofIN7testing8internal26ParameterizedTestSuiteInfoI25FixtureClassThermalReaderE17InstantiationInfoEEPT_RS6_
FNDA:1,_ZSt11__addressofIN7testing8internal26ParameterizedTestSuiteInfoI25FixtureSystemAlarmHandlerE17InstantiationInfoEEPT_RS6_
FNDA:4,_ZSt11__addressofINSt8__detail10_Hash_nodeISt4pairIKNSt7__cxx1112basic_stringIcSt11char_traitsIcESaIcEEEmELb1EEEEPT_RSC_
FNDA:2,_ZSt11__addressofIPNSt8__detail15_Hash_node_baseEEPT_RS3_
FNDA:4,_ZSt11__addressofISaISt23_Sp_counted_ptr_inplaceIN7testing10OnceActionIFbiEE23IgnoreIncomingArgumentsINS1_8internal12ReturnActionIbE4ImplIbEEEESaIvELN9__gnu_cxx12_Lock_policyE2EEEEPT_RSH_
FNDA:4,_ZSt11__addressofISaISt23_Sp_counted_ptr_inplaceIN7testing10OnceActionIFbiEEESaIvELN9__gnu_cxx12_Lock_policyE2EEEEPT_RSA_
FNDA:2,_ZSt11__addressofISt10shared_ptrIN7testing8internal15ExpectationBaseEEEPT_RS5_
FNDA:1,_ZSt11__addressofISt10shared_ptrIN7testing8internal26ParameterizedTestSuiteInfoI14FixtureCodingsE8TestInfoEEEPT_RS8_
FNDA:1,_ZSt11__addressofISt10shared_ptrIN7testing8internal26ParameterizedTestSuiteInfoI22FixtureHardwareMonitorE8TestInfoEEEPT_RS8_
FNDA:1,_ZSt11__addressofISt10shared_ptrIN7testing8internal26ParameterizedTestSuiteInfoI25FixtureClassThermalReaderE8TestInfoEEEPT_RS8_
FNDA:1,_ZSt11__addressofISt10shared_ptrIN7testing8internal26ParameterizedTestSuiteInfoI25FixtureSystemAlarmHandlerE8TestInfoEEEPT_RS8_
FNDA:6,_ZSt7forwardIN7testing10OnceActionIFbiEE18StdFunctionAdaptorINS3_23IgnoreIncomingArgumentsINS0_8internal12ReturnActionIbE4ImplIbEEEEEEEOT_RNSt16remove_referenceISD_E4typeE
FNDA:18,_ZSt7forwardIN7testing10OnceActionIFbiEE23IgnoreIncomingArgumentsINS0_8internal12ReturnActionIbE4ImplIbEEEEEOT_RNSt16remove_referenceISB_E4typeE
FNDA:14,_ZSt7forwardIN7testing10OnceActionIFbiEEEEOT_RNSt16remove_referenceIS4_E4typeE
FNDA:4,_ZSt7forwardIN7testing6ActionIFiiEE10IgnoreArgsINS0_8internal12ReturnActionIiE4ImplIiEEEEEOT_RNSt16remove_referenceISB_E4typeE
FNDA:12,_ZSt7forwardIN7testing7MatcherIiEEEOT_RNSt16remove_referenceIS3_E4typeE
FNDA:38,_ZSt7forwardIN7testing8internal12ReturnActionIbE4ImplIbEEEOT_RNSt16remove_referenceIS6_E4typeE
FNDA:68,_ZSt7forwardIN7testing8internal12ReturnActionIiE4ImplIiEEEOT_RNSt16remove_referenceIS6_E4typeE
FNDA:0,_ZSt7forwardIN7testing8internal14ParamGeneratorI17CodingsConditionsEEEOT_RNSt16remove_referenceIS5_E4typeE
FNDA:0,_ZSt7forwardIN7testing8internal14ParamGeneratorI21SystemAlarmConditionsEEEOT_RNSt16remove_referenceIS5_E4typeE
FNDA:0,_ZSt7forwardIN7testing8internal14ParamGeneratorI22ThermalRaderConditionsEEEOT_RNSt16remove_referenceIS5_E4typeE
FNDA:0,_ZSt7forwardIN7testing8internal14ParamGeneratorI25HardwareMonitorConditionsEEEOT_RNSt16remove_referenceIS5_E4typeE
FNDA:12,_ZSt7forwardIN7testing8internal16TypedExpectationIFbiEE13ActionAdaptorEEOT_RNSt16remove_referenceIS6_E4typeE
FNDA:0,_ZSt7forwardIN7testing8internal26ParameterizedTestSuiteInfoI14FixtureCodingsE17InstantiationInfoEEOT_RNSt16remove_referenceIS6_E4typeE
FNDA:0,_ZSt7forwardIN7testing8internal26ParameterizedTestSuiteInfoI22FixtureHardwareMonitorE17InstantiationInfoEEOT_RNSt16remove_referenceIS6_E4typeE
FNDA:0,_ZSt7forwardIN7testing8internal26ParameterizedTestSuiteInfoI25FixtureClassThermalReaderE17InstantiationInfoEEOT_RNSt16remove_referenceIS6_E4typeE
FNDA:0,_ZSt7forwardIN7testing8internal26ParameterizedTestSuiteInfoI25FixtureSystemAlarmHandlerE17InstantiationInfoEEOT_RNSt16remove_referenceIS6_E4typeE
FNDA:6,_ZSt7forwardIN7testing8internal9EqMatcherIiEEEOT_RNSt16remove_referenceIS4_E4typeE
FNDA:247,_ZSt7forwardINSt7__cxx1112basic_stringIcSt11char_traitsIcESaIcEEEEOT_RNSt16remove_referenceIS6_E4typeE
FNDA:0,_ZSt7forwardINSt8__detail14_Node_iteratorISt4pairIKNSt7__cxx1112basic_stringIcSt11char_traitsIcESaIcEEEmELb0ELb1EEEEOT_RNSt16remove_referenceISC_E4typeE
FNDA:0,_ZSt7forwardIPKN7testing8internal11MatcherBaseIRKSt5tupleIJEEEEEOT_RNSt16remove_referenceISA_E4typeE
FNDA:0,_ZSt7forwardIPKN7testing8internal11MatcherBaseIRKSt5tupleIJiEEEEEOT_RNSt16remove_referenceISA_E4typeE
FNDA:0,_ZSt7forwardIPKN7testing8internal11MatcherBaseIiEEEOT_RNSt16remove_referenceIS6_E4typeE
FNDA:0,_ZSt7forwardIPKN7testing8internal15AnythingMatcherEEOT_RNSt16remove_referenceIS5_E4typeE
FNDA:0,_ZSt7forwardIPKN7testing8internal9EqMatcherIiEEEOT_RNSt16remove_referenceIS6_E4typeE
FNDA:80,_ZSt7forwardIPKvEOT_RNSt16remove_referenceIS2_E4typeE
FNDA:4,_ZSt7forwardIPN7testing8internal26ParameterizedTestSuiteInfoI14FixtureCodingsE8TestInfoEEOT_RNSt16remove_referenceIS7_E4typeE
FNDA:4,_ZSt7forwardIPN7testing8internal26ParameterizedTestSuiteInfoI22FixtureHardwareMonitorE8TestInfoEEOT_RNSt16remove_referenceIS7_E4typeE
FNDA:4,_ZSt7forwardIPN7testing8internal26ParameterizedTestSuiteInfoI25FixtureClassThermalReaderE8TestInfoEEOT_RNSt16remove_referenceIS7_E4typeE
FNDA:4,_ZSt7forwardIPN7testing8internal26ParameterizedTestSuiteInfoI25FixtureSystemAlarmHandlerE8TestInfoEEOT_RNSt16remove_referenceIS7_E4typeE
FNDA:15,_ZSt7forwardIPN7testing8internal30ParameterizedTestSuiteInfoBaseEEOT_RNSt16remove_referenceIS4_E4typeE
FNDA:2,_ZSt7forwardIRK21SystemAlarmConditionsEOT_RNSt16remove_referenceIS3_E4typeE
FNDA:1,_ZSt7forwardIRK25HardwareMonitorConditionsEOT_RNSt16remove_referenceIS3_E4typeE
FNDA:0,_ZSt7forwardIRKN7testing10OnceActionIFbiEE18StdFunctionAdaptorINS3_23IgnoreIncomingArgumentsINS0_8internal12ReturnActionIbE4ImplIbEEEEEEEOT_RNSt16remove_referenceISF_E4typeE
FNDA:2,_ZSt7forwardIRKN7testing6ActionIFiiEE10IgnoreArgsINS0_8internal12ReturnActionIiE4ImplIiEEEEEOT_RNSt16remove_referenceISD_E4typeE
FNDA:12,_ZSt7forwardIRKN7testing8internal12ReturnActionIbE4ImplIbEEEOT_RNSt16remove_referenceIS8_E4typeE
FNDA:22,_ZSt7forwardIRKN7testing8internal12ReturnActionIiE4ImplIiEEEOT_RNSt16remove_referenceIS8_E4typeE
FNDA:63,_ZSt7forwardIRKN7testing8internal15AnythingMatcherEEOT_RNSt16remove_referenceIS5_E4typeE
FNDA:4,_ZSt7forwardIRKN7testing8internal16TypedExpectationIFbiEE13ActionAdaptorEEOT_RNSt16remove_referenceIS8_E4typeE
FNDA:6,_ZSt7forwardIRKSt10shared_ptrIN7testing8internal15ExpectationBaseEEEOT_RNSt16remove_referenceIS7_E4typeE
FNDA:16,_ZSt7forwardIRKSt4pairIKNSt7__cxx1112basic_stringIcSt11char_traitsIcESaIcEEEmEEOT_RNSt16remove_referenceISB_E4typeE
FNDA:4,_ZSt7forwardIRKSt8functionIFbiEEEOT_RNSt16remove_referenceIS5_E4typeE
FNDA:12,_ZSt7forwardIRKSt8functionIFbvEEEOT_RNSt16remove_referenceIS5_E4typeE
FNDA:2,_ZSt7forwardIRKSt8functionIFiiEEEOT_RNSt16remove_referenceIS5_E4typeE
FNDA:16,_ZSt7forwardIRKSt8functionIFivEEEOT_RNSt16remove_referenceIS5_E4typeE
FNDA:0,_ZSt7forwardIRKSt8functionIFvvEEEOT_RNSt16remove_referenceIS5_E4typeE
FNDA:4,_ZSt7forwardIRKiEOT_RNSt16remove_referenceIS2_E4typeE
FNDA:4,_ZSt7forwardIRN7testing10OnceActionIFbiEE18StdFunctionAdaptorINS3_23IgnoreIncomingArgumentsINS0_8internal12ReturnActionIbE4ImplIbEEEEEEEOT_RNSt16remove_referenceISE_E4typeE
FNDA:2,_ZSt7forwardIRN7testing6ActionIFiiEE10IgnoreArgsINS0_8internal12ReturnActionIiE4ImplIiEEEEEOT_RNSt16remove_referenceISC_E4typeE
FNDA:3,_ZSt7forwardIRN7testing8NiceMockI10MockFilterEEEOT_RNSt16remove_referenceIS5_E4typeE
FNDA:3,_ZSt7forwardIRN7testing8NiceMockI17MockRawTempFacadeEEEOT_RNSt16remove_referenceIS5_E4typeE
FNDA:12,_ZSt7forwardIRN7testing8internal12ReturnActionIbE4ImplIbEEEOT_RNSt16remove_referenceIS7_E4typeE
FNDA:16,_ZSt7forwardIRN7testing8internal12ReturnActionIiE4ImplIiEEEOT_RNSt16remove_referenceIS7_E4typeE
FNDA:4,_ZSt7forwardIRN7testing8internal16TypedExpectationIFbiEE13ActionAdaptorEEOT_RNSt16remove_referenceIS7_E4typeE
FNDA:4,_ZSt7forwardIRNSt8__detail14_Node_iteratorISt4pairIKNSt7__cxx1112basic_stringIcSt11char_traitsIcESaIcEEEmELb0ELb1EEEEOT_RNSt16remove_referenceISD_E4typeE
FNDA:4,_ZSt7forwardIRPFN7testing8internal14ParamGeneratorI17CodingsConditionsEEvEEOT_RNSt16remove_referenceIS8_E4typeE
FNDA:4,_ZSt7forwardIRPFN7testing8internal14ParamGeneratorI21SystemAlarmConditionsEEvEEOT_RNSt16remove_referenceIS8_E4typeE
FNDA:4,_ZSt7forwardIRPFN7testing8internal14ParamGeneratorI22ThermalRaderConditionsEEvEEOT_RNSt16remove_referenceIS8_E4typeE
FNDA:4,_ZSt7forwardIRPFN7testing8internal14ParamGeneratorI25HardwareMonitorConditionsEEvEEOT_RNSt16remove_referenceIS8_E4typeE
FNDA:4,_ZSt7forwardIRPFNSt7__cxx1112basic_stringIcSt11char_traitsIcESaIcEEERKN7testing13TestParamInfoI17CodingsConditionsEEEEOT_RNSt16remove_referenceISF_E4typeE
FNDA:4,_ZSt7forwardIRPFNSt7__cxx1112basic_stringIcSt11char_traitsIcESaIcEEERKN7testing13TestParamInfoI21SystemAlarmConditionsEEEEOT_RNSt16remove_referenceISF_E4typeE
FNDA:4,_ZSt7forwardIRPFNSt7__cxx1112basic_stringIcSt11char_traitsIcESaIcEEERKN7testing13TestParamInfoI22ThermalRaderConditionsEEEEOT_RNSt16remove_referenceISF_E4typeE
FNDA:4,_ZSt7forwardIRPFNSt7__cxx1112basic_stringIcSt11char_traitsIcESaIcEEERKN7testing13TestParamInfoI25HardwareMonitorConditionsEEEEOT_RNSt16remove_referenceISF_E4typeE
FNDA:16,_ZSt7forwardIRPKcEOT_RNSt16remove_referenceIS3_E4typeE
FNDA:15,_ZSt7forwardIRPSt13_Rb_tree_nodeINSt7__cxx1112basic_stringIcSt11char_traitsIcESaIcEEEEEOT_RNSt16remove_referenceISA_E4typeE
FNDA:15,_ZSt7forwardIRPSt18_Rb_tree_node_baseEOT_RNSt16remove_referenceIS3_E4typeE
FNDA:15,_ZSt7forwardIRSt17_Rb_tree_iteratorINSt7__cxx1112basic_stringIcSt11char_traitsIcESaIcEEEEEOT_RNSt16remove_referenceIS9_E4typeE
FNDA:4,_ZSt7forwardIRSt4pairIKNSt7__cxx1112basic_stringIcSt11char_traitsIcESaIcEEEmEEOT_RNSt16remove_referenceISA_E4typeE
FNDA:15,_ZSt7forwardIRbEOT_RNSt16remove_referenceIS1_E4typeE
FNDA:16,_ZSt7forwardIRiEOT_RNSt16remove_referenceIS1_E4typeE
FNDA:0,_ZSt7forwardISt10shared_ptrIN7testing8internal15ExpectationBaseEEEOT_RNSt16remove_referenceIS5_E4typeE
FNDA:0,_ZSt7forwardISt10shared_ptrIN7testing8internal26ParameterizedTestSuiteInfoI14FixtureCodingsE8TestInfoEEEOT_RNSt16remove_referenceIS8_E4typeE
FNDA:0,_ZSt7forwardISt10shared_ptrIN7testing8internal26ParameterizedTestSuiteInfoI22FixtureHardwareMonitorE8TestInfoEEEOT_RNSt16remove_referenceIS8_E4typeE
FNDA:0,_ZSt7forwardISt10shared_ptrIN7testing8internal26ParameterizedTestSuiteInfoI25FixtureClassThermalReaderE8TestInfoEEEOT_RNSt16remove_referenceIS8_E4typeE
FNDA:0,_ZSt7forwardISt10shared_ptrIN7testing8internal26ParameterizedTestSuiteInfoI25FixtureSystemAlarmHandlerE8TestInfoEEEOT_RNSt16remove_referenceIS8_E4typeE
FNDA:15,_ZSt7forwardISt17_Rb_tree_iteratorINSt7__cxx1112basic_stringIcSt11char_traitsIcESaIcEEEEEOT_RNSt16remove_referenceIS8_E4typeE
FNDA:172,_ZSt7forwardISt5tupleIJEEEOT_RNSt16remove_referenceIS2_E4typeE
FNDA:6,_ZSt7forwardISt5tupleIJiEEEOT_RNSt16remove_referenceIS2_E4typeE
FNDA:50,_ZSt7forwardIbEOT_RNSt16remove_referenceIS0_E4typeE
FNDA:165,_ZSt7forwardIiEOT_RNSt16remove_referenceIS0_E4typeE
FNDA:32,_ZSt7forwardImEOT_RNSt16remove_referenceIS0_E4typeE
FNDA:2,_ZSt4moveIRN7testing10OnceActionIFbiEE23IgnoreIncomingArgumentsINS0_8internal12ReturnActionIbE4ImplIbEEEEEONSt16remove_referenceIT_E4typeEOSD_
FNDA:4,_ZSt4moveIRN7testing10OnceActionIFbiEEEEONSt16remove_referenceIT_E4typeEOS6_
FNDA:2,_ZSt4moveIRN7testing6ActionIFbiEEEEONSt16remove_referenceIT_E4typeEOS6_
FNDA:3,_ZSt4moveIRN7testing7MatcherIiEEEONSt16remove_referenceIT_E4typeEOS5_
FNDA:46,_ZSt4moveIRN7testing8internal12CodeLocationEEONSt16remove_referenceIT_E4typeEOS5_
FNDA:2,_ZSt4moveIRN7testing8internal12ReturnActionIbE4ImplIbEEEONSt16remove_referenceIT_E4typeEOS8_
FNDA:0,_ZSt4moveIRN7testing8internal26ParameterizedTestSuiteInfoI14FixtureCodingsE17InstantiationInfoEEONSt16remove_referenceIT_E4typeEOS8_
FNDA:0,_ZSt4moveIRN7testing8internal26ParameterizedTestSuiteInfoI22FixtureHardwareMonitorE17InstantiationInfoEEONSt16remove_referenceIT_E4typeEOS8_
FNDA:0,_ZSt4moveIRN7testing8internal26ParameterizedTestSuiteInfoI25FixtureClassThermalReaderE17InstantiationInfoEEONSt16remove_referenceIT_E4typeEOS8_
FNDA:0,_ZSt4moveIRN7testing8internal26ParameterizedTestSuiteInfoI25FixtureSystemAlarmHandlerE17InstantiationInfoEEONSt16remove_referenceIT_E4typeEOS8_
FNDA:619,_ZSt4moveIRNSt7__cxx1112basic_stringIcSt11char_traitsIcESaIcEEEEONSt16remove_referenceIT_E4typeEOS8_
FNDA:36,_ZSt4moveIRPFbRKSt9_Any_dataEEONSt16remove_referenceIT_E4typeEOS7_
FNDA:6,_ZSt4moveIRPFbRKSt9_Any_dataOiEEONSt16remove_referenceIT_E4typeEOS8_
FNDA:114,_ZSt4moveIRPFbRSt9_Any_dataRKS0_St18_Manager_operationEEONSt16remove_referenceIT_E4typeEOS9_
FNDA:66,_ZSt4moveIRPFiRKSt9_Any_dataEEONSt16remove_referenceIT_E4typeEOS7_
FNDA:6,_ZSt4moveIRPFiRKSt9_Any_dataOiEEONSt16remove_referenceIT_E4typeEOS8_
FNDA:8,_ZSt4moveIRPK17CodingsConditionsEONSt16remove_referenceIT_E4typeEOS5_
FNDA:4,_ZSt4moveIRPK21SystemAlarmConditionsEONSt16remove_referenceIT_E4typeEOS5_
FNDA:16,_ZSt4moveIRPK22ThermalRaderConditionsEONSt16remove_referenceIT_E4typeEOS5_
FNDA:2,_ZSt4moveIRPK25HardwareMonitorConditionsEONSt16remove_referenceIT_E4typeEOS5_
FNDA:20,_ZSt4moveIRPKvEONSt16remove_referenceIT_E4typeEOS4_
FNDA:1,_ZSt4moveIRPN7testing8internal19TestMetaFactoryBaseI17CodingsConditionsEEEONSt16remove_referenceIT_E4typeEOS8_
FNDA:1,_ZSt4moveIRPN7testing8internal19TestMetaFactoryBaseI21SystemAlarmConditionsEEEONSt16remove_referenceIT_E4typeEOS8_
FNDA:1,_ZSt4moveIRPN7testing8internal19TestMetaFactoryBaseI22ThermalRaderConditionsEEEONSt16remove_referenceIT_E4typeEOS8_
FNDA:1,_ZSt4moveIRPN7testing8internal19TestMetaFactoryBaseI25HardwareMonitorConditionsEEEONSt16remove_referenceIT_E4typeEOS8_
FNDA:2,_ZSt4moveIRPN7testing8internal22ParamIteratorInterfaceI17CodingsConditionsEEEONSt16remove_referenceIT_E4typeEOS8_
FNDA:2,_ZSt4moveIRPN7testing8internal22ParamIteratorInterfaceI21SystemAlarmConditionsEEEONSt16remove_referenceIT_E4typeEOS8_
FNDA:2,_ZSt4moveIRPN7testing8internal22ParamIteratorInterfaceI22ThermalRaderConditionsEEEONSt16remove_referenceIT_E4typeEOS8_
FNDA:2,_ZSt4moveIRPN7testing8internal22ParamIteratorInterfaceI25HardwareMonitorConditionsEEEONSt16remove_referenceIT_E4typeEOS8_
FNDA:4,_ZSt4moveIRPN7testing8internal30ParameterizedTestSuiteInfoBaseEEONSt16remove_referenceIT_E4typeEOS6_
FNDA:0,_ZSt4moveIRPNSt7__cxx1112basic_stringIcSt11char_traitsIcESaIcEEEEONSt16remove_referenceIT_E4typeEOS9_
FNDA:198,_ZSt4moveIRPNSt7__cxx1118basic_stringstreamIcSt11char_traitsIcESaIcEEEEONSt16remove_referenceIT_E4typeEOS9_
FNDA:0,_ZSt4moveIRSaIcEEONSt16remove_referenceIT_E4typeEOS3_
FNDA:2,_ZSt4moveIRSt10shared_ptrIN7testing10OnceActionIFbiEE23IgnoreIncomingArgumentsINS1_8internal12ReturnActionIbE4ImplIbEEEEEEONSt16remove_referenceIT_E4typeEOSF_
FNDA:2,_ZSt4moveIRSt10shared_ptrIN7testing10OnceActionIFbiEEEEEONSt16remove_referenceIT_E4typeEOS8_
FNDA:0,_ZSt4moveIRSt10shared_ptrIN7testing8internal15ExpectationBaseEEEONSt16remove_referenceIT_E4typeEOS7_
FNDA:0,_ZSt4moveIRSt10shared_ptrIN7testing8internal26ParameterizedTestSuiteInfoI14FixtureCodingsE8TestInfoEEEONSt16remove_referenceIT_E4typeEOSA_
FNDA:0,_ZSt4moveIRSt10shared_ptrIN7testing8internal26ParameterizedTestSuiteInfoI22FixtureHardwareMonitorE8TestInfoEEEONSt16remove_referenceIT_E4typeEOSA_
FNDA:0,_ZSt4moveIRSt10shared_ptrIN7testing8internal26ParameterizedTestSuiteInfoI25FixtureClassThermalReaderE8TestInfoEEEONSt16remove_referenceIT_E4typeEOSA_
FNDA:0,_ZSt4moveIRSt10shared_ptrIN7testing8internal26ParameterizedTestSuiteInfoI25FixtureSystemAlarmHandlerE8TestInfoEEEONSt16remove_referenceIT_E4typeEOSA_
FNDA:44,_ZSt4moveIRSt5tupleIJEEEONSt16remove_referenceIT_E4typeEOS4_
FNDA:10,_ZSt4moveIRSt5tupleIJiEEEONSt16remove_referenceIT_E4typeEOS4_
FNDA:114,_ZSt4moveIRSt9_Any_dataEONSt16remove_referenceIT_E4typeEOS3_
FNDA:26,_ZSt4moveIRbEONSt16remove_referenceIT_E4typeEOS2_
FNDA:55,_ZSt4moveIRiEONSt16remove_referenceIT_E4typeEOS2_
FNF:154
FNH:122
DA:51,41
DA:52,41
DA:70,1318
DA:71,1318
DA:97,1423
DA:98,1423
DA:138,17
DA:139,17
DA:189,114
[...]
FN:12,12,_ZN61UtFilter_WhenBufferIsAllOnes_ThenReturnOneAsAverageValue_TestD0Ev
FN:12,12,_ZN61UtFilter_WhenBufferIsAllOnes_ThenReturnOneAsAverageValue_TestD2Ev
FN:20,20,_ZN78UtFilter_WhenFilterDataIsCalledWithoutUpdateFilterData_ThenReturnsAverage_Test8TestBodyEv
FN:20,20,_ZN78UtFilter_WhenFilterDataIsCalledWithoutUpdateFilterData_ThenReturnsAverage_TestC2Ev
FN:20,20,_ZN78UtFilter_WhenFilterDataIsCalledWithoutUpdateFilterData_ThenReturnsAverage_TestD0Ev
FN:20,20,_ZN78UtFilter_WhenFilterDataIsCalledWithoutUpdateFilterData_ThenReturnsAverage_TestD2Ev
FN:26,26,_ZN80UtFilter_WhenBufferIsPopulatedWithValues_ThenReturnAverageValueOfBufferData_Test8TestBodyEv
FN:26,26,_ZN80UtFilter_WhenBufferIsPopulatedWithValues_ThenReturnAverageValueOfBufferData_TestC2Ev
FN:26,26,_ZN80UtFilter_WhenBufferIsPopulatedWithValues_ThenReturnAverageValueOfBufferData_TestD0Ev
FN:26,26,_ZN80UtFilter_WhenBufferIsPopulatedWithValues_ThenReturnAverageValueOfBufferData_TestD2Ev
FN:32,32,_ZN66UtFilter_WhenBufferIsPopulatedWith2_ThenReturnAverageValueOf2_Test8TestBodyEv
FN:32,32,_ZN66UtFilter_WhenBufferIsPopulatedWith2_ThenReturnAverageValueOf2_TestC2Ev
FN:32,32,_ZN66UtFilter_WhenBufferIsPopulatedWith2_ThenReturnAverageValueOf2_TestD0Ev
FN:32,32,_ZN66UtFilter_WhenBufferIsPopulatedWith2_ThenReturnAverageValueOf2_TestD2Ev
FN:38,38,_ZN68UtFilter_WhenBufferIsPopulatedWith43_ThenReturnAverageValueOf43_Test8TestBodyEv
FN:38,38,_ZN68UtFilter_WhenBufferIsPopulatedWith43_ThenReturnAverageValueOf43_TestC2Ev
FN:38,38,_ZN68UtFilter_WhenBufferIsPopulatedWith43_ThenReturnAverageValueOf43_TestD0Ev
FN:38,38,_ZN68UtFilter_WhenBufferIsPopulatedWith43_ThenReturnAverageValueOf43_TestD2Ev
FN:4,4,_ZN53UtFilter_WhenFilterIsCreated_ThenBufferIsAllZero_Test8TestBodyEv
FN:4,4,_ZN53UtFilter_WhenFilterIsCreated_ThenBufferIsAllZero_TestC2Ev
FN:4,4,_ZN53UtFilter_WhenFilterIsCreated_ThenBufferIsAllZero_TestD0Ev
FN:4,4,_ZN53UtFilter_WhenFilterIsCreated_ThenBufferIsAllZero_TestD2Ev
FN:44,60,_ZN81UtFilter_WhenApplyUpdateFilterWith10_ThenReturnCorrectAverageValueShouldBe10_Test8TestBodyEv
FN:44,60,_ZN81UtFilter_WhenApplyUpdateFilterWith10_ThenReturnCorrectAverageValueShouldBe10_TestC2Ev
FN:44,60,_ZN81UtFilter_WhenApplyUpdateFilterWith10_ThenReturnCorrectAverageValueShouldBe10_TestD0Ev
FN:44,60,_ZN81UtFilter_WhenApplyUpdateFilterWith10_ThenReturnCorrectAverageValueShouldBe10_TestD2Ev
FNDA:1,_ZN61UtFilter_WhenBufferIsAllOnes_ThenReturnOneAsAverageValue_Test8TestBodyEv
FNDA:1,_ZN61UtFilter_WhenBufferIsAllOnes_ThenReturnOneAsAverageValue_TestC2Ev
FNDA:1,_ZN61UtFilter_WhenBufferIsAllOnes_ThenReturnOneAsAverageValue_TestD0Ev
FNDA:1,_ZN61UtFilter_WhenBufferIsAllOnes_ThenReturnOneAsAverageValue_TestD2Ev
FNDA:1,_ZN78UtFilter_WhenFilterDataIsCalledWithoutUpdateFilterData_ThenReturnsAverage_Test8TestBodyEv
FNDA:1,_ZN78UtFilter_WhenFilterDataIsCalledWithoutUpdateFilterData_ThenReturnsAverage_TestC2Ev
FNDA:1,_ZN78UtFilter_WhenFilterDataIsCalledWithoutUpdateFilterData_ThenReturnsAverage_TestD0Ev
FNDA:1,_ZN78UtFilter_WhenFilterDataIsCalledWithoutUpdateFilterData_ThenReturnsAverage_TestD2Ev
FNDA:1,_ZN80UtFilter_WhenBufferIsPopulatedWithValues_ThenReturnAverageValueOfBufferData_Test8TestBodyEv
FNDA:1,_ZN80UtFilter_WhenBufferIsPopulatedWithValues_ThenReturnAverageValueOfBufferData_TestC2Ev
FNDA:1,_ZN80UtFilter_WhenBufferIsPopulatedWithValues_ThenReturnAverageValueOfBufferData_TestD0Ev
FNDA:1,_ZN80UtFilter_WhenBufferIsPopulatedWithValues_ThenReturnAverageValueOfBufferData_TestD2Ev
FNDA:1,_ZN66UtFilter_WhenBufferIsPopulatedWith2_ThenReturnAverageValueOf2_Test8TestBodyEv
FNDA:1,_ZN66UtFilter_WhenBufferIsPopulatedWith2_ThenReturnAverageValueOf2_TestC2Ev
FNDA:1,_ZN66UtFilter_WhenBufferIsPopulatedWith2_ThenReturnAverageValueOf2_TestD0Ev
FNDA:1,_ZN66UtFilter_WhenBufferIsPopulatedWith2_ThenReturnAverageValueOf2_TestD2Ev
FNDA:1,_ZN68UtFilter_WhenBufferIsPopulatedWith43_ThenReturnAverageValueOf43_Test8TestBodyEv
FNDA:1,_ZN68UtFilter_WhenBufferIsPopulatedWith43_ThenReturnAverageValueOf43_TestC2Ev
FNDA:1,_ZN68UtFilter_WhenBufferIsPopulatedWith43_ThenReturnAverageValueOf43_TestD0Ev
FNDA:1,_ZN68UtFilter_WhenBufferIsPopulatedWith43_ThenReturnAverageValueOf43_TestD2Ev
FNDA:1,_ZN53UtFilter_WhenFilterIsCreated_ThenBufferIsAllZero_Test8TestBodyEv
FNDA:1,_ZN53UtFilter_WhenFilterIsCreated_ThenBufferIsAllZero_TestC2Ev
FNDA:1,_ZN53UtFilter_WhenFilterIsCreated_ThenBufferIsAllZero_TestD0Ev
FNDA:1,_ZN53UtFilter_WhenFilterIsCreated_ThenBufferIsAllZero_TestD2Ev
FNDA:1,_ZN81UtFilter_WhenApplyUpdateFilterWith10_ThenReturnCorrectAverageValueShouldBe10_Test8TestBodyEv
FNDA:1,_ZN81UtFilter_WhenApplyUpdateFilterWith10_ThenReturnCorrectAverageValueShouldBe10_TestC2Ev
FNDA:1,_ZN81UtFilter_WhenApplyUpdateFilterWith10_ThenReturnCorrectAverageValueShouldBe10_TestD0Ev
FNDA:1,_ZN81UtFilter_WhenApplyUpdateFilterWith10_ThenReturnCorrectAverageValueShouldBe10_TestD2Ev
FNF:28
FNH:28
DA:4,4
DA:6,10
DA:8,9
DA:12,4
DA:14,1
DA:15,1
DA:16,1
DA:17,1
DA:20,4
DA:22,1
DA:23,1
DA:26,4
DA:28,1
DA:29,1
DA:30,1
DA:32,4
DA:34,1
DA:35,1
DA:36,1
DA:38,4
DA:40,1
DA:41,1
DA:42,1
DA:44,4
DA:46,1
DA:47,1
DA:48,1
DA:49,1
DA:50,1
DA:51,1
DA:52,1
DA:53,1
DA:54,1
DA:55,1
DA:56,1
DA:57,1
DA:58,1
DA:59,1
DA:60,1
LF:39
LH:39
end_of_record
TN:
SF:/workspaces/Software-Development-with-TDD-and-BDD-2025-2/test/unit/test_hardware_monitor.cpp
FN:19,19,_ZN90UtHardwareMonitor_WhenReportOverheatingAlarmIsCalled_ThenLogOverheatingAlarmToConsole_Test8TestBodyEv
FN:19,19,_ZN90UtHardwareMonitor_WhenReportOverheatingAlarmIsCalled_ThenLogOverheatingAlarmToConsole_TestC2Ev
FN:19,19,_ZN90UtHardwareMonitor_WhenReportOverheatingAlarmIsCalled_ThenLogOverheatingAlarmToConsole_TestD0Ev
FN:19,19,_ZN90UtHardwareMonitor_WhenReportOverheatingAlarmIsCalled_ThenLogOverheatingAlarmToConsole_TestD2Ev
FN:32,32,_ZN85UtHardwareMonitor_WhenReportPulsibleAlarmIsCalled_ThenLogPlausibleAlarmToConsole_Test8TestBodyEv
FN:32,32,_ZN85UtHardwareMonitor_WhenReportPulsibleAlarmIsCalled_ThenLogPlausibleAlarmToConsole_TestC2Ev
FN:32,32,_ZN85UtHardwareMonitor_WhenReportPulsibleAlarmIsCalled_ThenLogPlausibleAlarmToConsole_TestD0Ev
FN:32,32,_ZN85UtHardwareMonitor_WhenReportPulsibleAlarmIsCalled_ThenLogPlausibleAlarmToConsole_TestD2Ev
FN:6,6,_ZN92UtHardwareMonitor_WhenReportUnderheatingAlarmIsCalled_ThenLogUnderheatingAlarmToConsole_Test8TestBodyEv
FN:6,6,_ZN92UtHardwareMonitor_WhenReportUnderheatingAlarmIsCalled_ThenLogUnderheatingAlarmToConsole_TestC2Ev
FN:6,6,_ZN92UtHardwareMonitor_WhenReportUnderheatingAlarmIsCalled_ThenLogUnderheatingAlarmToConsole_TestD0Ev
FN:6,6,_ZN92UtHardwareMonitor_WhenReportUnderheatingAlarmIsCalled_ThenLogUnderheatingAlarmToConsole_TestD2Ev
FNDA:1,_ZN90UtHardwareMonitor_WhenReportOverheatingAlarmIsCalled_ThenLogOverheatingAlarmToConsole_Test8TestBodyEv
FNDA:1,_ZN90UtHardwareMonitor_WhenReportOverheatingAlarmIsCalled_ThenLogOverheatingAlarmToConsole_TestC2Ev
FNDA:1,_ZN90UtHardwareMonitor_WhenReportOverheatingAlarmIsCalled_ThenLogOverheatingAlarmToConsole_TestD0Ev
FNDA:1,_ZN90UtHardwareMonitor_WhenReportOverheatingAlarmIsCalled_ThenLogOverheatingAlarmToConsole_TestD2Ev
FNDA:1,_ZN85UtHardwareMonitor_WhenReportPulsibleAlarmIsCalled_ThenLogPlausibleAlarmToConsole_Test8TestBodyEv
FNDA:1,_ZN85UtHardwareMonitor_WhenReportPulsibleAlarmIsCalled_ThenLogPlausibleAlarmToConsole_TestC2Ev
FNDA:1,_ZN85UtHardwareMonitor_WhenReportPulsibleAlarmIsCalled_ThenLogPlausibleAlarmToConsole_TestD0Ev
FNDA:1,_ZN85UtHardwareMonitor_WhenReportPulsibleAlarmIsCalled_ThenLogPlausibleAlarmToConsole_TestD2Ev
FNDA:1,_ZN92UtHardwareMonitor_WhenReportUnderheatingAlarmIsCalled_ThenLogUnderheatingAlarmToConsole_Test8TestBodyEv
FNDA:1,_ZN92UtHardwareMonitor_WhenReportUnderheatingAlarmIsCalled_ThenLogUnderheatingAlarmToConsole_TestC2Ev
FNDA:1,_ZN92UtHardwareMonitor_WhenReportUnderheatingAlarmIsCalled_ThenLogUnderheatingAlarmToConsole_TestD0Ev
FNDA:1,_ZN92UtHardwareMonitor_WhenReportUnderheatingAlarmIsCalled_ThenLogUnderheatingAlarmToConsole_TestD2Ev
FNF:12
FNH:12
DA:6,4
DA:8,1
DA:9,1
DA:10,1
DA:11,1
DA:12,1
DA:14,1
DA:16,1
DA:17,1
DA:19,4
DA:21,1
DA:22,1
DA:23,1
DA:24,1
DA:25,1
DA:27,1
DA:29,1
DA:30,1
DA:32,4
DA:34,1
DA:35,1
DA:36,1
DA:37,1
DA:38,1
DA:40,1
DA:42,1
DA:43,1
LF:27
LH:27
end_of_record
TN:
SF:/workspaces/Software-Development-with-TDD-and-BDD-2025-2/test/unit/test_main.cpp
FN:3,7,main
FNDA:1,main
FNF:1
FNH:1
DA:3,1
DA:5,1
DA:6,1
LF:3
LH:3
end_of_record
TN:
SF:/workspaces/Software-Development-with-TDD-and-BDD-2025-2/test/unit/test_smoke.cpp
FN:3,3,_ZN31SmokeTest_EnvironmentSetup_Test8TestBodyEv
FN:3,3,_ZN31SmokeTest_EnvironmentSetup_TestC2Ev
FN:3,3,_ZN31SmokeTest_EnvironmentSetup_TestD0Ev
FN:3,3,_ZN31SmokeTest_EnvironmentSetup_TestD2Ev
FNDA:1,_ZN31SmokeTest_EnvironmentSetup_Test8TestBodyEv
FNDA:1,_ZN31SmokeTest_EnvironmentSetup_TestC2Ev
FNDA:1,_ZN31SmokeTest_EnvironmentSetup_TestD0Ev
FNDA:1,_ZN31SmokeTest_EnvironmentSetup_TestD2Ev
FNF:4
FNH:4
DA:3,4
DA:4,1
DA:5,1
LF:3
LH:3
end_of_record
TN:
SF:/workspaces/Software-Development-with-TDD-and-BDD-2025-2/test/unit/test_system_alarm_handler.cpp
FN:13,13,_ZN88UtSystemAlarmHandler_WhenReportOverHeatingIsCalled_ThenLogOverheatingAlarmToConsole_Test8TestBodyEv
FN:13,13,_ZN88UtSystemAlarmHandler_WhenReportOverHeatingIsCalled_ThenLogOverheatingAlarmToConsole_TestC2Ev
FN:13,13,_ZN88UtSystemAlarmHandler_WhenReportOverHeatingIsCalled_ThenLogOverheatingAlarmToConsole_TestD0Ev
FN:13,13,_ZN88UtSystemAlarmHandler_WhenReportOverHeatingIsCalled_ThenLogOverheatingAlarmToConsole_TestD2Ev
FN:5,5,_ZN89UtSystemAlarmHandler_WhenReportOverHeatingIsCalled_ThenLogUnderheatingAlarmToConsole_Test8TestBodyEv
FN:5,5,_ZN89UtSystemAlarmHandler_WhenReportOverHeatingIsCalled_ThenLogUnderheatingAlarmToConsole_TestC2Ev
FN:5,5,_ZN89UtSystemAlarmHandler_WhenReportOverHeatingIsCalled_ThenLogUnderheatingAlarmToConsole_TestD0Ev
FN:5,5,_ZN89UtSystemAlarmHandler_WhenReportOverHeatingIsCalled_ThenLogUnderheatingAlarmToConsole_TestD2Ev
FNDA:1,_ZN88UtSystemAlarmHandler_WhenReportOverHeatingIsCalled_ThenLogOverheatingAlarmToConsole_Test8TestBodyEv
FNDA:1,_ZN88UtSystemAlarmHandler_WhenReportOverHeatingIsCalled_ThenLogOverheatingAlarmToConsole_TestC2Ev
FNDA:1,_ZN88UtSystemAlarmHandler_WhenReportOverHeatingIsCalled_ThenLogOverheatingAlarmToConsole_TestD0Ev
FNDA:1,_ZN88UtSystemAlarmHandler_WhenReportOverHeatingIsCalled_ThenLogOverheatingAlarmToConsole_TestD2Ev
FNDA:1,_ZN89UtSystemAlarmHandler_WhenReportOverHeatingIsCalled_ThenLogUnderheatingAlarmToConsole_Test8TestBodyEv
FNDA:1,_ZN89UtSystemAlarmHandler_WhenReportOverHeatingIsCalled_ThenLogUnderheatingAlarmToConsole_TestC2Ev
FNDA:1,_ZN89UtSystemAlarmHandler_WhenReportOverHeatingIsCalled_ThenLogUnderheatingAlarmToConsole_TestD0Ev
FNDA:1,_ZN89UtSystemAlarmHandler_WhenReportOverHeatingIsCalled_ThenLogUnderheatingAlarmToConsole_TestD2Ev
FNF:8
FNH:8
DA:5,4
DA:6,1
DA:7,1
DA:8,1
DA:10,1
DA:11,1
DA:13,4
DA:14,1
DA:15,1
DA:16,1
DA:18,1
DA:19,1
LF:12
LH:12
end_of_record
TN:
SF:/workspaces/Software-Development-with-TDD-and-BDD-2025-2/test/unit/test_temperature_utils.cpp
FN:11,11,_ZN79TemperatureUtils_WhenCelsiusToKelvinIsCalledWith25_Then298ShouldBeReturned_Test8TestBodyEv
FN:11,11,_ZN79TemperatureUtils_WhenCelsiusToKelvinIsCalledWith25_Then298ShouldBeReturned_TestC2Ev
FN:11,11,_ZN79TemperatureUtils_WhenCelsiusToKelvinIsCalledWith25_Then298ShouldBeReturned_TestD0Ev
FN:11,11,_ZN79TemperatureUtils_WhenCelsiusToKelvinIsCalledWith25_Then298ShouldBeReturned_TestD2Ev
FN:17,17,_ZN89TemperatureUtils_WhenCelisusDecigradeToCelisusIsCalledWith100_Then10ShouldBeReturned_Test8TestBodyEv
FN:17,17,_ZN89TemperatureUtils_WhenCelisusDecigradeToCelisusIsCalledWith100_Then10ShouldBeReturned_TestC2Ev
FN:17,17,_ZN89TemperatureUtils_WhenCelisusDecigradeToCelisusIsCalledWith100_Then10ShouldBeReturned_TestD0Ev
FN:17,17,_ZN89TemperatureUtils_WhenCelisusDecigradeToCelisusIsCalledWith100_Then10ShouldBeReturned_TestD2Ev
FN:23,23,_ZN86TemperatureUtils_WhenCelisusDecigradeToCelisusIsCalledWith0_Then0ShouldBeReturned_Test8TestBodyEv
FN:23,23,_ZN86TemperatureUtils_WhenCelisusDecigradeToCelisusIsCalledWith0_Then0ShouldBeReturned_TestC2Ev
FN:23,23,_ZN86TemperatureUtils_WhenCelisusDecigradeToCelisusIsCalledWith0_Then0ShouldBeReturned_TestD0Ev
FN:23,23,_ZN86TemperatureUtils_WhenCelisusDecigradeToCelisusIsCalledWith0_Then0ShouldBeReturned_TestD2Ev
FN:5,5,_ZN78TemperatureUtils_WhenCelsiusToKelvinIsCalledWith0_Then273ShouldBeReturned_Test8TestBodyEv
FN:5,5,_ZN78TemperatureUtils_WhenCelsiusToKelvinIsCalledWith0_Then273ShouldBeReturned_TestC2Ev
FN:5,5,_ZN78TemperatureUtils_WhenCelsiusToKelvinIsCalledWith0_Then273ShouldBeReturned_TestD0Ev
FN:5,5,_ZN78TemperatureUtils_WhenCelsiusToKelvinIsCalledWith0_Then273ShouldBeReturned_TestD2Ev
FNDA:1,_ZN79TemperatureUtils_WhenCelsiusToKelvinIsCalledWith25_Then298ShouldBeReturned_Test8TestBodyEv
FNDA:1,_ZN79TemperatureUtils_WhenCelsiusToKelvinIsCalledWith25_Then298ShouldBeReturned_TestC2Ev
FNDA:1,_ZN79TemperatureUtils_WhenCelsiusToKelvinIsCalledWith25_Then298ShouldBeReturned_TestD0Ev
FNDA:1,_ZN79TemperatureUtils_WhenCelsiusToKelvinIsCalledWith25_Then298ShouldBeReturned_TestD2Ev
FNDA:1,_ZN89TemperatureUtils_WhenCelisusDecigradeToCelisusIsCalledWith100_Then10ShouldBeReturned_Test8TestBodyEv
FNDA:1,_ZN89TemperatureUtils_WhenCelisusDecigradeToCelisusIsCalledWith100_Then10ShouldBeReturned_TestC2Ev
FNDA:1,_ZN89TemperatureUtils_WhenCelisusDecigradeToCelisusIsCalledWith100_Then10ShouldBeReturned_TestD0Ev
FNDA:1,_ZN89TemperatureUtils_WhenCelisusDecigradeToCelisusIsCalledWith100_Then10ShouldBeReturned_TestD2Ev
FNDA:1,_ZN86TemperatureUtils_WhenCelisusDecigradeToCelisusIsCalledWith0_Then0ShouldBeReturned_Test8TestBodyEv
FNDA:1,_ZN86TemperatureUtils_WhenCelisusDecigradeToCelisusIsCalledWith0_Then0ShouldBeReturned_TestC2Ev
FNDA:1,_ZN86TemperatureUtils_WhenCelisusDecigradeToCelisusIsCalledWith0_Then0ShouldBeReturned_TestD0Ev
FNDA:1,_ZN86TemperatureUtils_WhenCelisusDecigradeToCelisusIsCalledWith0_Then0ShouldBeReturned_TestD2Ev
FNDA:1,_ZN78TemperatureUtils_WhenCelsiusToKelvinIsCalledWith0_Then273ShouldBeReturned_Test8TestBodyEv
FNDA:1,_ZN78TemperatureUtils_WhenCelsiusToKelvinIsCalledWith0_Then273ShouldBeReturned_TestC2Ev
FNDA:1,_ZN78TemperatureUtils_WhenCelsiusToKelvinIsCalledWith0_Then273ShouldBeReturned_TestD0Ev
FNDA:1,_ZN78TemperatureUtils_WhenCelsiusToKelvinIsCalledWith0_Then273ShouldBeReturned_TestD2Ev
FNF:16
FNH:16
DA:5,4
DA:7,1
DA:11,4
DA:13,1
DA:17,4
DA:19,1
DA:23,4
DA:25,1
LF:8
LH:8
end_of_record
TN:
SF:/workspaces/Software-Development-with-TDD-and-BDD-2025-2/test/unit/test_thermal_reader.cpp
FN:17,17,_ZN90UtThermalReader_WhenFilterFailureOccures_ThenThermalReaderShouldHandleErrorGracefully_Test8TestBodyEv
FN:17,17,_ZN90UtThermalReader_WhenFilterFailureOccures_ThenThermalReaderShouldHandleErrorGracefully_TestC2Ev
FN:17,17,_ZN90UtThermalReader_WhenFilterFailureOccures_ThenThermalReaderShouldHandleErrorGracefully_TestD0Ev
FN:17,17,_ZN90UtThermalReader_WhenFilterFailureOccures_ThenThermalReaderShouldHandleErrorGracefully_TestD2Ev
FN:26,26,_ZN97UtThermalReader_WhenUpdateCurrentTempOccurs_ThenUpdateFilterDataIsCalledWithReadRawTempValue_Test8TestBodyEv
FN:26,26,_ZN97UtThermalReader_WhenUpdateCurrentTempOccurs_ThenUpdateFilterDataIsCalledWithReadRawTempValue_TestC2Ev
FN:26,26,_ZN97UtThermalReader_WhenUpdateCurrentTempOccurs_ThenUpdateFilterDataIsCalledWithReadRawTempValue_TestD0Ev
FN:26,26,_ZN97UtThermalReader_WhenUpdateCurrentTempOccurs_ThenUpdateFilterDataIsCalledWithReadRawTempValue_TestD2Ev
FN:35,35,_ZN79UtThermalReader_WhenUpdateCurrentTempOccurs_ThenTemperatureDataIsProcessed_Test8TestBodyEv
FN:35,35,_ZN79UtThermalReader_WhenUpdateCurrentTempOccurs_ThenTemperatureDataIsProcessed_TestC2Ev
FN:35,35,_ZN79UtThermalReader_WhenUpdateCurrentTempOccurs_ThenTemperatureDataIsProcessed_TestD0Ev
FN:35,35,_ZN79UtThermalReader_WhenUpdateCurrentTempOccurs_ThenTemperatureDataIsProcessed_TestD2Ev
FN:8,8,_ZN94UtThermalReader_WhenReadFilteredTemperatureIsCalled_ThenItShouldReturnValueFromFilterData_Test8TestBodyEv
FN:8,8,_ZN94UtThermalReader_WhenReadFilteredTemperatureIsCalled_ThenItShouldReturnValueFromFilterData_TestC2Ev
FN:8,8,_ZN94UtThermalReader_WhenReadFilteredTemperatureIsCalled_ThenItShouldReturnValueFromFilterData_TestD0Ev
FN:8,8,_ZN94UtThermalReader_WhenReadFilteredTemperatureIsCalled_ThenItShouldReturnValueFromFilterData_TestD2Ev
FNDA:1,_ZN90UtThermalReader_WhenFilterFailureOccures_ThenThermalReaderShouldHandleErrorGracefully_Test8TestBodyEv
FNDA:1,_ZN90UtThermalReader_WhenFilterFailureOccures_ThenThermalReaderShouldHandleErrorGracefully_TestC2Ev
FNDA:1,_ZN90UtThermalReader_WhenFilterFailureOccures_ThenThermalReaderShouldHandleErrorGracefully_TestD0Ev
FNDA:1,_ZN90UtThermalReader_WhenFilterFailureOccures_ThenThermalReaderShouldHandleErrorGracefully_TestD2Ev
FNDA:1,_ZN97UtThermalReader_WhenUpdateCurrentTempOccurs_ThenUpdateFilterDataIsCalledWithReadRawTempValue_Test8TestBodyEv
FNDA:1,_ZN97UtThermalReader_WhenUpdateCurrentTempOccurs_ThenUpdateFilterDataIsCalledWithReadRawTempValue_TestC2Ev
FNDA:1,_ZN97UtThermalReader_WhenUpdateCurrentTempOccurs_ThenUpdateFilterDataIsCalledWithReadRawTempValue_TestD0Ev
FNDA:1,_ZN97UtThermalReader_WhenUpdateCurrentTempOccurs_ThenUpdateFilterDataIsCalledWithReadRawTempValue_TestD2Ev
FNDA:1,_ZN79UtThermalReader_WhenUpdateCurrentTempOccurs_ThenTemperatureDataIsProcessed_Test8TestBodyEv
FNDA:1,_ZN79UtThermalReader_WhenUpdateCurrentTempOccurs_ThenTemperatureDataIsProcessed_TestC2Ev
FNDA:1,_ZN79UtThermalReader_WhenUpdateCurrentTempOccurs_ThenTemperatureDataIsProcessed_TestD0Ev
FNDA:1,_ZN79UtThermalReader_WhenUpdateCurrentTempOccurs_ThenTemperatureDataIsProcessed_TestD2Ev
FNDA:1,_ZN94UtThermalReader_WhenReadFilteredTemperatureIsCalled_ThenItShouldReturnValueFromFilterData_Test8TestBodyEv
FNDA:1,_ZN94UtThermalReader_WhenReadFilteredTemperatureIsCalled_ThenItShouldReturnValueFromFilterData_TestC2Ev
FNDA:1,_ZN94UtThermalReader_WhenReadFilteredTemperatureIsCalled_ThenItShouldReturnValueFromFilterData_TestD0Ev
FNDA:1,_ZN94UtThermalReader_WhenReadFilteredTemperatureIsCalled_ThenItShouldReturnValueFromFilterData_TestD2Ev
FNF:16
FNH:16
DA:8,4
DA:10,1
DA:12,1
DA:13,1
DA:14,1
DA:17,4
DA:19,1
DA:21,1
DA:22,1
DA:23,1
DA:26,4
DA:28,1
DA:30,1
DA:31,1
DA:32,1
DA:35,4
DA:37,1
DA:38,1
DA:40,1
DA:41,1
DA:42,1
LF:21
LH:21
end_of_record
TN:
SF:/workspaces/Software-Development-with-TDD-and-BDD-2025-2/test/unit/ut_codings.cpp
FN:3,3,_ZN9UtCodingsC2Ev
FNDA:3,_ZN9UtCodingsC2Ev
FNF:1
FNH:1
DA:3,3
LF:1
LH:1
end_of_record
TN:
SF:/workspaces/Software-Development-with-TDD-and-BDD-2025-2/test/unit/ut_codings.hpp
FNF:0
FNH:0
LF:0
LH:0
end_of_record
TN:
SF:/workspaces/Software-Development-with-TDD-and-BDD-2025-2/test/unit/ut_filter.cpp
FN:12,15,_ZN8UtFilter5SetUpEv
FN:3,5,_ZN8UtFilterC2Ev
FN:7,10,_ZN8UtFilter16InitializeBufferEh
FNDA:7,_ZN8UtFilter5SetUpEv
FNDA:7,_ZN8UtFilterC2Ev
FNDA:2,_ZN8UtFilter16InitializeBufferEh
FNF:3
FNH:3
DA:3,7
DA:5,7
DA:7,2
DA:9,2
DA:10,2
DA:12,7
DA:14,7
DA:15,7
LF:8
LH:8
end_of_record
TN:
SF:/workspaces/Software-Development-with-TDD-and-BDD-2025-2/test/unit/ut_filter.hpp
FNF:0
FNH:0
LF:0
LH:0
end_of_record
TN:
SF:/workspaces/Software-Development-with-TDD-and-BDD-2025-2/test/unit/ut_hardware_monitor.cpp
FN:3,3,_ZN17UtHardwareMonitorC2Ev
FNDA:3,_ZN17UtHardwareMonitorC2Ev
FNF:1
FNH:1
DA:3,3
LF:1
LH:1
end_of_record
TN:
SF:/workspaces/Software-Development-with-TDD-and-BDD-2025-2/test/unit/ut_hardware_monitor.hpp
FNF:0
FNH:0
LF:0
LH:0
end_of_record
TN:
SF:/workspaces/Software-Development-with-TDD-and-BDD-2025-2/test/unit/ut_system_alarm_handler.cpp
FN:3,3,_ZN20UtSystemAlarmHandlerC2Ev
FNDA:2,_ZN20UtSystemAlarmHandlerC2Ev
FNF:1
FNH:1
DA:3,2
LF:1
LH:1
end_of_record
TN:
SF:/workspaces/Software-Development-with-TDD-and-BDD-2025-2/test/unit/ut_system_alarm_handler.hpp
FNF:0
FNH:0
LF:0
LH:0
end_of_record
TN:
SF:/workspaces/Software-Development-with-TDD-and-BDD-2025-2/test/unit/ut_thermal_reader.cpp
FN:3,6,_ZN15UtThermalReaderC2Ev
FNDA:4,_ZN15UtThermalReaderC2Ev
FNF:1
FNH:1
DA:3,4
DA:4,4
DA:6,4
LF:3
LH:3
end_of_record
TN:
SF:/workspaces/Software-Development-with-TDD-and-BDD-2025-2/test/unit/ut_thermal_reader.hpp
FNF:0
FNH:0
LF:0
LH:0
end_of_record
