TN:
SF:/workspaces/Software-Development-with-TDD-and-BDD-2025-2/inc/mock_filter.hpp
FN:10,10,_ZN10MockFilter10FilterDataEv
FN:10,10,_ZN10MockFilter16gmock_FilterDataEv
FN:11,11,_ZN10MockFilter16UpdateFilterDataEi
FN:11,11,_ZN10MockFilter22gmock_UpdateFilterDataERKN7testing7MatcherIiEE
FNDA:2,_ZN10MockFilter10FilterDataEv
FNDA:2,_ZN10MockFilter16gmock_FilterDataEv
FNDA:2,_ZN10MockFilter16UpdateFilterDataEi
FNDA:2,_ZN10MockFilter22gmock_UpdateFilterDataERKN7testing7MatcherIiEE
FNF:4
FNH:4
DA:10,4
DA:11,4
LF:2
LH:2
end_of_record
TN:
SF:/workspaces/Software-Development-with-TDD-and-BDD-2025-2/mock/mock_raw_temp_facade.hpp
FN:9,9,_ZN17MockRawTempFacade11ReadRawTempEi
FN:9,9,_ZN17MockRawTempFacade17gmock_ReadRawTempERKN7testing7MatcherIiEE
FNDA:2,_ZN17MockRawTempFacade11ReadRawTempEi
FNDA:1,_ZN17MockRawTempFacade17gmock_ReadRawTempERKN7testing7MatcherIiEE
FNF:2
FNH:2
DA:9,3
LF:1
LH:1
end_of_record
TN:
SF:/workspaces/Software-Development-with-TDD-and-BDD-2025-2/mock/mock_thermal_reader.hpp
FN:10,13,_ZN17MockThermalReaderC2ER10MockFilterR17MockRawTempFacade
FN:15,15,_ZN17MockThermalReader23ReadFilteredTemperatureEv
FN:16,16,_ZN17MockThermalReader17UpdateCurrentTempEv
FN:16,16,_ZN17MockThermalReader23gmock_UpdateCurrentTempEv
FNDA:9,_ZN17MockThermalReaderC2ER10MockFilterR17MockRawTempFacade
FNDA:6,_ZN17MockThermalReader23ReadFilteredTemperatureEv
FNDA:6,_ZN17MockThermalReader17UpdateCurrentTempEv
FNDA:2,_ZN17MockThermalReader23gmock_UpdateCurrentTempEv
FNF:4
FNH:4
DA:10,9
DA:11,9
DA:13,9
DA:15,6
DA:16,8
LF:5
LH:5
end_of_record
TN:
SF:/workspaces/Software-Development-with-TDD-and-BDD-2025-2/src/codings.cpp
FN:10,12,_ZNK7Codings15GetMaxThresholdEv
FN:14,16,_ZN7Codings15SetMinThresholdEf
FN:18,20,_ZN7Codings15SetMaxThresholdEf
FN:22,28,_ZNK7Codings15CheckThresholdsEf
FN:3,4,_ZN7CodingsC2Ev
FN:6,8,_ZNK7Codings15GetMinThresholdEv
FNDA:7,_ZNK7Codings15GetMaxThresholdEv
FNDA:11,_ZN7Codings15SetMinThresholdEf
FNDA:11,_ZN7Codings15SetMaxThresholdEf
FNDA:4,_ZNK7Codings15CheckThresholdsEf
FNDA:25,_ZN7CodingsC2Ev
FNDA:8,_ZNK7Codings15GetMinThresholdEv
FNF:6
FNH:6
DA:3,25
DA:4,25
DA:6,8
DA:7,8
DA:10,7
DA:11,7
DA:14,11
DA:15,11
DA:16,11
DA:18,11
DA:19,11
DA:20,11
DA:22,4
DA:23,4
DA:24,4
DA:26,0
LF:16
LH:15
end_of_record
TN:
SF:/workspaces/Software-Development-with-TDD-and-BDD-2025-2/src/filter.cpp
FN:15,20,_ZN6Filter16UpdateFilterDataEi
FN:22,35,_ZN6Filter10FilterDataEv
FN:4,6,_ZN6FilterC2Ev
FNDA:133,_ZN6Filter16UpdateFilterDataEi
FNDA:16,_ZN6Filter10FilterDataEv
FNDA:46,_ZN6FilterC2Ev
FNF:3
FNH:3
DA:4,46
DA:6,46
DA:15,133
DA:17,133
DA:18,133
DA:19,133
DA:22,16
DA:24,16
DA:25,160
DA:27,144
DA:28,144
DA:30,16
DA:31,16
DA:33,16
DA:34,16
LF:15
LH:15
end_of_record
TN:
SF:/workspaces/Software-Development-with-TDD-and-BDD-2025-2/src/hardware_monitor.cpp
FN:26,41,_ZN15HardwareMonitor19checkValueAndReportB5cxx11ER13ThermalReaderR7Codings
FN:7,7,_ZN15HardwareMonitorC2ER13ThermalReaderR7Codings
FN:8,24,_ZN15HardwareMonitor6UpdateEv
FNDA:3,_ZN15HardwareMonitor19checkValueAndReportB5cxx11ER13ThermalReaderR7Codings
FNDA:28,_ZN15HardwareMonitorC2ER13ThermalReaderR7Codings
FNDA:16,_ZN15HardwareMonitor6UpdateEv
FNF:3
FNH:3
DA:7,28
DA:8,16
DA:9,16
DA:10,16
DA:14,16
DA:16,6
DA:17,6
DA:18,6
DA:19,6
DA:21,10
DA:26,3
DA:27,3
DA:28,3
DA:29,3
DA:31,3
DA:32,1
DA:33,1
DA:34,2
DA:35,1
DA:36,1
DA:38,1
DA:39,2
LF:22
LH:22
end_of_record
TN:
SF:/workspaces/Software-Development-with-TDD-and-BDD-2025-2/src/raw_temp_facade.cpp
FN:7,10,_ZN13RawTempFacade11ReadRawTempEi
FNDA:122,_ZN13RawTempFacade11ReadRawTempEi
FNF:1
FNH:1
DA:7,122
DA:9,122
LF:2
LH:2
end_of_record
TN:
SF:/workspaces/Software-Development-with-TDD-and-BDD-2025-2/src/system_alarm_handler.cpp
FN:11,14,_ZN18SystemAlarmHandler18ReportUnderheatingB5cxx11Ev
FN:4,4,_ZN18SystemAlarmHandlerD2Ev
FN:6,9,_ZN18SystemAlarmHandler17ReportOverheatingB5cxx11Ev
FNDA:3,_ZN18SystemAlarmHandler18ReportUnderheatingB5cxx11Ev
FNDA:7,_ZN18SystemAlarmHandlerD2Ev
FNDA:3,_ZN18SystemAlarmHandler17ReportOverheatingB5cxx11Ev
FNF:3
FNH:3
DA:4,7
DA:6,3
DA:8,6
DA:11,3
DA:13,6
LF:5
LH:5
end_of_record
TN:
SF:/workspaces/Software-Development-with-TDD-and-BDD-2025-2/src/temperature_utils.cpp
FN:3,6,_Z15CelsiusToKelvini
FN:8,11,_Z25CelsiusDecigradeToCelsiusi
FNDA:2,_Z15CelsiusToKelvini
FNDA:2,_Z25CelsiusDecigradeToCelsiusi
FNF:2
FNH:2
DA:3,2
DA:5,2
DA:8,2
DA:10,2
LF:4
LH:4
end_of_record
TN:
SF:/workspaces/Software-Development-with-TDD-and-BDD-2025-2/src/thermal_reader.cpp
FN:13,17,_ZN13ThermalReader17UpdateCurrentTempEv
FN:3,6,_ZN13ThermalReaderC2ER6FilterR13RawTempFacade
FN:8,11,_ZN13ThermalReader23ReadFilteredTemperatureEv
FNDA:124,_ZN13ThermalReader17UpdateCurrentTempEv
FNDA:39,_ZN13ThermalReaderC2ER6FilterR13RawTempFacade
FNDA:12,_ZN13ThermalReader23ReadFilteredTemperatureEv
FNF:3
FNH:3
DA:3,39
DA:4,39
DA:6,39
DA:8,12
DA:10,12
DA:13,124
DA:15,124
DA:16,124
LF:8
LH:8
end_of_record
