TN:
SF:/workspaces/Software-Development-with-TDD-and-BDD-2025-2/mock/mock_codings.hpp
FN:10,10,_ZN11MockCodingsC2Ev
FN:11,11,_ZN11MockCodingsD2Ev
FN:12,12,_ZN11MockCodings15GetMinThresholdEv
FN:12,12,_ZN11MockCodings21gmock_GetMinThresholdEv
FN:13,13,_ZN11MockCodings15GetMaxThresholdEv
FN:13,13,_ZN11MockCodings21gmock_GetMaxThresholdEv
FN:14,14,_ZN11MockCodings19AreCodingsPlausibleEv
FN:14,14,_ZN11MockCodings25gmock_AreCodingsPlausibleEv
FNDA:3,_ZN11MockCodingsC2Ev
FNDA:3,_ZN11MockCodingsD2Ev
FNDA:2,_ZN11MockCodings15GetMinThresholdEv
FNDA:3,_ZN11MockCodings21gmock_GetMinThresholdEv
FNDA:1,_ZN11MockCodings15GetMaxThresholdEv
FNDA:3,_ZN11MockCodings21gmock_GetMaxThresholdEv
FNDA:3,_ZN11MockCodings19AreCodingsPlausibleEv
FNDA:3,_ZN11MockCodings25gmock_AreCodingsPlausibleEv
FNF:8
FNH:8
DA:10,3
DA:11,3
DA:12,5
DA:13,4
DA:14,6
LF:5
LH:5
end_of_record
TN:
SF:/workspaces/Software-Development-with-TDD-and-BDD-2025-2/mock/mock_filter.hpp
FN:10,10,_ZN10MockFilterD2Ev
FN:12,12,_ZN10MockFilter10FilterDataEv
FN:12,12,_ZN10MockFilter16gmock_FilterDataEv
FN:13,13,_ZN10MockFilter16UpdateFilterDataEi
FN:13,13,_ZN10MockFilter22gmock_UpdateFilterDataERKN7testing7MatcherIiEE
FN:9,9,_ZN10MockFilterC2Ev
FNDA:7,_ZN10MockFilterD2Ev
FNDA:2,_ZN10MockFilter10FilterDataEv
FNDA:2,_ZN10MockFilter16gmock_FilterDataEv
FNDA:2,_ZN10MockFilter16UpdateFilterDataEi
FNDA:2,_ZN10MockFilter22gmock_UpdateFilterDataERKN7testing7MatcherIiEE
FNDA:7,_ZN10MockFilterC2Ev
FNF:6
FNH:6
DA:9,7
DA:10,7
DA:12,4
DA:13,4
LF:4
LH:4
end_of_record
TN:
SF:/workspaces/Software-Development-with-TDD-and-BDD-2025-2/mock/mock_raw_temp_facade.hpp
FN:9,9,_ZN17MockRawTempFacade11ReadRawTempEi
FN:9,9,_ZN17MockRawTempFacade17gmock_ReadRawTempERKN7testing7MatcherIiEE
FNDA:2,_ZN17MockRawTempFacade11ReadRawTempEi
FNDA:1,_ZN17MockRawTempFacade17gmock_ReadRawTempERKN7testing7MatcherIiEE
FNF:2
FNH:2
DA:9,3
LF:1
LH:1
end_of_record
TN:
SF:/workspaces/Software-Development-with-TDD-and-BDD-2025-2/mock/mock_system_alarm_handler.hpp
FN:10,10,_ZN22MockSystemAlarmHandlerD2Ev
FN:11,11,_ZN22MockSystemAlarmHandler23ReportUnderheatingAlarmEv
FN:12,12,_ZN22MockSystemAlarmHandler22ReportOverheatingAlarmEv
FN:9,9,_ZN22MockSystemAlarmHandlerC2Ev
FNDA:3,_ZN22MockSystemAlarmHandlerD2Ev
FNDA:1,_ZN22MockSystemAlarmHandler23ReportUnderheatingAlarmEv
FNDA:1,_ZN22MockSystemAlarmHandler22ReportOverheatingAlarmEv
FNDA:3,_ZN22MockSystemAlarmHandlerC2Ev
FNF:4
FNH:4
DA:9,3
DA:10,3
DA:11,1
DA:12,1
LF:4
LH:4
end_of_record
TN:
SF:/workspaces/Software-Development-with-TDD-and-BDD-2025-2/mock/mock_thermal_reader.hpp
FN:11,14,_ZN17MockThermalReaderC2ER10MockFilterR17MockRawTempFacade
FN:16,16,_ZN17MockThermalReader23ReadFilteredTemperatureEv
FN:16,16,_ZN17MockThermalReader29gmock_ReadFilteredTemperatureEv
FN:17,17,_ZN17MockThermalReader17UpdateCurrentTempEv
FN:17,17,_ZN17MockThermalReader23gmock_UpdateCurrentTempEv
FNDA:3,_ZN17MockThermalReaderC2ER10MockFilterR17MockRawTempFacade
FNDA:3,_ZN17MockThermalReader23ReadFilteredTemperatureEv
FNDA:3,_ZN17MockThermalReader29gmock_ReadFilteredTemperatureEv
FNDA:3,_ZN17MockThermalReader17UpdateCurrentTempEv
FNDA:3,_ZN17MockThermalReader23gmock_UpdateCurrentTempEv
FNF:5
FNH:5
DA:11,3
DA:12,3
DA:14,3
DA:16,6
DA:17,6
LF:5
LH:5
end_of_record
TN:
SF:/workspaces/Software-Development-with-TDD-and-BDD-2025-2/src/codings.cpp
FN:13,15,_ZN7Codings19AreCodingsPlausibleEv
FN:17,19,_ZN7Codings15SetMinThresholdEi
FN:21,23,_ZN7Codings15SetMaxThresholdEi
FN:3,3,_ZN7CodingsC2Ev
FN:5,7,_ZN7Codings15GetMinThresholdEv
FN:9,11,_ZN7Codings15GetMaxThresholdEv
FNDA:27,_ZN7Codings19AreCodingsPlausibleEv
FNDA:8,_ZN7Codings15SetMinThresholdEi
FNDA:8,_ZN7Codings15SetMaxThresholdEi
FNDA:11,_ZN7CodingsC2Ev
FNDA:26,_ZN7Codings15GetMinThresholdEv
FNDA:18,_ZN7Codings15GetMaxThresholdEv
FNF:6
FNH:6
DA:3,11
DA:5,26
DA:6,26
DA:9,18
DA:10,18
DA:13,27
DA:14,27
DA:17,8
DA:18,8
DA:19,8
DA:21,8
DA:22,8
DA:23,8
LF:13
LH:13
end_of_record
TN:
SF:/workspaces/Software-Development-with-TDD-and-BDD-2025-2/src/filter.cpp
FN:15,20,_ZN6Filter16UpdateFilterDataEi
FN:22,35,_ZN6Filter10FilterDataEv
FN:4,6,_ZN6FilterC2Ev
FNDA:155,_ZN6Filter16UpdateFilterDataEi
FNDA:36,_ZN6Filter10FilterDataEv
FNDA:23,_ZN6FilterC2Ev
FNF:3
FNH:3
DA:4,23
DA:6,23
DA:15,155
DA:17,155
DA:18,155
DA:19,155
DA:22,36
DA:24,36
DA:25,360
DA:27,324
DA:28,324
DA:30,36
DA:31,36
DA:33,36
DA:34,36
LF:15
LH:15
end_of_record
TN:
SF:/workspaces/Software-Development-with-TDD-and-BDD-2025-2/src/hardware_monitor.cpp
FN:11,38,_ZN15HardwareMonitor12hwm_functionEv
FN:6,9,_ZN15HardwareMonitorC2ER13ThermalReaderR7CodingsR18SystemAlarmHandler
FNDA:25,_ZN15HardwareMonitor12hwm_functionEv
FNDA:4,_ZN15HardwareMonitorC2ER13ThermalReaderR7CodingsR18SystemAlarmHandler
FNF:2
FNH:2
DA:6,4
DA:7,4
DA:8,4
DA:9,4
DA:11,25
DA:15,25
DA:16,25
DA:17,25
DA:19,25
DA:21,25
DA:23,2
DA:24,2
DA:26,23
DA:28,9
DA:29,9
DA:31,14
DA:33,4
DA:34,4
DA:37,25
LF:19
LH:19
end_of_record
TN:
SF:/workspaces/Software-Development-with-TDD-and-BDD-2025-2/src/raw_temp_facade.cpp
FN:11,14,_ZN13RawTempFacade11restartTempEv
FN:6,9,_ZN13RawTempFacade11ReadRawTempEi
FNDA:1,_ZN13RawTempFacade11restartTempEv
FNDA:144,_ZN13RawTempFacade11ReadRawTempEi
FNF:2
FNH:2
DA:6,144
DA:8,144
DA:11,1
DA:13,1
DA:14,1
LF:5
LH:5
end_of_record
TN:
SF:/workspaces/Software-Development-with-TDD-and-BDD-2025-2/src/system_alarm_handler.cpp
FN:10,12,_ZN18SystemAlarmHandler22ReportOverheatingAlarmEv
FN:4,4,_ZN18SystemAlarmHandlerC2Ev
FN:6,8,_ZN18SystemAlarmHandler23ReportUnderheatingAlarmEv
FNDA:5,_ZN18SystemAlarmHandler22ReportOverheatingAlarmEv
FNDA:8,_ZN18SystemAlarmHandlerC2Ev
FNDA:10,_ZN18SystemAlarmHandler23ReportUnderheatingAlarmEv
FNF:3
FNH:3
DA:4,8
DA:6,10
DA:7,10
DA:8,10
DA:10,5
DA:11,5
DA:12,5
LF:7
LH:7
end_of_record
TN:
SF:/workspaces/Software-Development-with-TDD-and-BDD-2025-2/src/temperature_utils.cpp
FN:3,6,_Z15CelsiusToKelvini
FN:8,11,_Z25CelsiusDecigradeToCelsiusi
FNDA:2,_Z15CelsiusToKelvini
FNDA:2,_Z25CelsiusDecigradeToCelsiusi
FNF:2
FNH:2
DA:3,2
DA:5,2
DA:8,2
DA:10,2
LF:4
LH:4
end_of_record
TN:
SF:/workspaces/Software-Development-with-TDD-and-BDD-2025-2/src/thermal_reader.cpp
FN:13,17,_ZN13ThermalReader17UpdateCurrentTempEv
FN:3,6,_ZN13ThermalReaderC2ER6FilterR13RawTempFacade
FN:8,11,_ZN13ThermalReader23ReadFilteredTemperatureEv
FNDA:146,_ZN13ThermalReader17UpdateCurrentTempEv
FNDA:16,_ZN13ThermalReaderC2ER6FilterR13RawTempFacade
FNDA:32,_ZN13ThermalReader23ReadFilteredTemperatureEv
FNF:3
FNH:3
DA:3,16
DA:4,16
DA:6,16
DA:8,32
DA:10,32
DA:13,146
DA:15,146
DA:16,146
LF:8
LH:8
end_of_record
